"pressure-monitor-rfile"
"Time Step" "pressure-monitor etc.."
("Time Step" "pressure-monitor" "flow-time")
0 17.24801124229333 0
1 17.24615271825619 2e-06
2 17.24509377088694 4e-06
3 17.24493181971953 6e-06
4 17.24561953433833 8e-06
5 17.2470104928001 9.999999999999999e-06
6 17.2488709642373 1.2e-05
7 17.25094409688755 1.4e-05
8 17.25300417801315 1.6e-05
9 17.25491282362958 1.8e-05
10 17.256603911337 2e-05
11 17.25808623758588 2.2e-05
12 17.25940422853068 2.4e-05
13 17.26060681406134 2.6e-05
14 17.26172043404799 2.8e-05
15 17.26274776603869 3e-05
16 17.26367970952652 3.2e-05
17 17.26450497837877 3.4e-05
18 17.26522841464103 3.6e-05
19 17.26586178881556 3.8e-05
20 17.26642072304142 4e-05
21 17.26692511270651 4.2e-05
22 17.26739659866446 4.4e-05
23 17.2678549841309 4.6e-05
24 17.26831056516859 4.8e-05
25 17.26876097420656 5e-05
26 17.26919387068763 5.2e-05
27 17.2695843812851 5.4e-05
28 17.26989109584101 5.6e-05
29 17.27006034673051 5.8e-05
30 17.27002312760293 5.999999999999999e-05
31 17.26968337342227 6.2e-05
32 17.26891031417712 6.4e-05
33 17.26754138001578 6.599999999999999e-05
34 17.26538299979513 6.8e-05
35 17.26218861576019 6.999999999999999e-05
36 17.25768112212725 7.2e-05
37 17.25153023514524 7.4e-05
38 17.24335536396017 7.599999999999999e-05
39 17.23277025806732 7.8e-05
40 17.21937756093315 7.999999999999999e-05
41 17.20277204948792 8.2e-05
42 17.18251886697582 8.4e-05
43 17.15820085410425 8.599999999999999e-05
44 17.12950190981239 8.8e-05
45 17.09623132749534 8.999999999999999e-05
46 17.0583381756903 9.2e-05
47 17.01594647296006 9.399999999999999e-05
48 16.96935924017358 9.6e-05
49 16.91909430691811 9.8e-05
50 16.86588901332387 9.999999999999999e-05
51 16.81068019343434 0.000102
52 16.75458703479885 0.000104
53 16.69888281716001 0.000106
54 16.64495156003045 0.000108
55 16.59425428078632 0.00011
56 16.54825620276601 0.000112
57 16.5083864013508 0.000114
58 16.47598527669452 0.000116
59 16.45225187709734 0.000118
60 16.438208581555 0.00012
61 16.43468775514689 0.000122
62 16.44229993571481 0.000124
63 16.46143461820622 0.000126
64 16.49226653514832 0.000128
65 16.534754355792 0.00013
66 16.58866907089634 0.000132
67 16.65361645579463 0.000134
68 16.72905974463277 0.000136
69 16.8143438328802 0.000138
70 16.90872591773412 0.00014
71 17.01140429081011 0.000142
72 17.12154512024619 0.000144
73 17.23829603104638 0.000146
74 17.36079158978304 0.000148
75 17.48817352502628 0.00015
76 17.61958752814409 0.000152
77 17.75416895212344 0.000154
78 17.89104232390661 0.000156
79 18.02930476463003 0.000158
80 18.16801122505941 0.00016
81 18.3062088270609 0.000162
82 18.44289715226782 0.000164
83 18.57704352121147 0.000166
84 18.70759107784164 0.000168
85 18.83347338347453 0.00017
86 18.95363722972512 0.000172
87 19.06706625723893 0.000174
88 19.17280764524387 0.000176
89 19.27000688098141 0.000178
90 19.35794401446645 0.00018
91 19.43606235547725 0.000182
92 19.50399206096654 0.000184
93 19.56157154292395 0.000186
94 19.60886425033792 0.000188
95 19.64616882842444 0.00019
96 19.67402091956485 0.000192
97 19.69316199052304 0.000194
98 19.70452257196521 0.000196
99 19.70918852900014 0.000198
100 19.70836811874481 0.0002
101 19.70335005043873 0.000202
102 19.69545502693003 0.000204
103 19.68596702038569 0.000206
104 19.67609830443436 0.000208
105 19.66694342091858 0.00021
106 19.65946607837578 0.000212
107 19.65448164181516 0.000214
108 19.65263052328275 0.000216
109 19.65435811913027 0.000218
110 19.65992963544463 0.00022
111 19.66943181698747 0.000222
112 19.68278748299821 0.000224
113 19.69978637279085 0.000226
114 19.72011218073575 0.000228
115 19.74336898509712 0.00023
116 19.76909801871004 0.000232
117 19.7967851172528 0.000234
118 19.82591405685816 0.000236
119 19.85600673979453 0.000238
120 19.88661100416784 0.00024
121 19.91732587735696 0.000242
122 19.94782360086446 0.000244
123 19.97784472623947 0.000246
124 20.00720489333981 0.000248
125 20.03579051810701 0.00025
126 20.06355601605573 0.000252
127 20.09050563906645 0.000254
128 20.11668599733084 0.000256
129 20.14217373351894 0.000258
130 20.16706502737084 0.00026
131 20.19146338804124 0.000262
132 20.21546137118083 0.000264
133 20.23912147663432 0.000266
134 20.26249025124867 0.000268
135 20.28559665864879 0.00027
136 20.30846090480217 0.000272
137 20.33107848801598 0.000274
138 20.3534318899459 0.000276
139 20.37549612927614 0.000278
140 20.39723107626508 0.00028
141 20.41858748850091 0.000282
142 20.4395109455219 0.000284
143 20.45994544965399 0.000286
144 20.47982039905435 0.000288
145 20.49907671588265 0.00029
146 20.51766367031236 0.000292
147 20.53552592125346 0.000294
148 20.55260606606967 0.000296
149 20.56885016464409 0.000298
150 20.58421252286681 0.0003
151 20.59865386612118 0.000302
152 20.61214199424961 0.000304
153 20.6246445722018 0.000306
154 20.63611036089636 0.000308
155 20.64648757065087 0.00031
156 20.65572909038336 0.000312
157 20.66378758628502 0.000314
158 20.67059711739092 0.000316
159 20.67607985762567 0.000318
160 20.68014169716 0.00032
161 20.68269294419354 0.000322
162 20.68362549494951 0.000324
163 20.68282988335857 0.000326
164 20.68019697545273 0.000328
165 20.67562831851424 0.00033
166 20.66902575997232 0.000332
167 20.66028486005747 0.000334
168 20.64929820749849 0.000336
169 20.63595874733983 0.000338
170 20.62016299790394 0.00034
171 20.60181411703037 0.000342
172 20.58082090906061 0.000344
173 20.55708966508751 0.000346
174 20.53053436222722 0.000348
175 20.50106702351134 0.00035
176 20.46859745241906 0.000352
177 20.43301502319213 0.000354
178 20.3941943348316 0.000356
179 20.35200895859974 0.000358
180 20.30633434849535 0.00036
181 20.25704795751016 0.000362
182 20.20403205070862 0.000364
183 20.14717741324364 0.000366
184 20.08638274906493 0.000368
185 20.02154226200463 0.00037
186 19.95255943218079 0.000372
187 19.87934975408472 0.000374
188 19.80183879994284 0.000376
189 19.71996619784964 0.000378
190 19.63368780325601 0.00038
191 19.54297827404836 0.000382
192 19.44783760596192 0.000384
193 19.34829344865624 0.000386
194 19.24439209826995 0.000388
195 19.1361948690485 0.00039
196 19.023791683004 0.000392
197 18.90730661976778 0.000394
198 18.78689390209045 0.000396
199 18.66274712831715 0.000398
200 18.53509851425358 0.0004
201 18.40420402901726 0.000402
202 18.2703520971546 0.000404
203 18.13386518549333 0.000406
204 17.99509676458883 0.000408
205 17.85442730553151 0.00041
206 17.71226702771052 0.000412
207 17.569028256969 0.000414
208 17.42513075357298 0.000416
209 17.28099876809106 0.000418
210 17.1370575035518 0.00042
211 16.99372384660205 0.000422
212 16.85140578311103 0.000424
213 16.71049673615025 0.000426
214 16.57136626003786 0.000428
215 16.43435039592478 0.00043
216 16.29975872989323 0.000432
217 16.16786712165045 0.000434
218 16.03892089743119 0.000436
219 15.91313186592498 0.000438
220 15.79067104302213 0.00044
221 15.67167086249187 0.000442
222 15.55621710225626 0.000444
223 15.44435527592409 0.000446
224 15.33609587209335 0.000448
225 15.2314102443978 0.00045
226 15.13024152686742 0.000452
227 15.03250812660541 0.000454
228 14.93809466800155 0.000456
229 14.84686502635788 0.000458
230 14.75866486732993 0.00046
231 14.67332269988854 0.000462
232 14.59066204751699 0.000464
233 14.51049928745508 0.000466
234 14.43263973571016 0.000468
235 14.35687967628976 0.00047
236 14.28301202203138 0.000472
237 14.2108293838791 0.000474
238 14.14012850732241 0.000476
239 14.0707151159811 0.000478
240 14.00240084709512 0.00048
241 13.93501428975052 0.000482
242 13.86839546360906 0.000484
243 13.80240331537616 0.000486
244 13.73691673337837 0.000488
245 13.67182952893397 0.00049
246 13.60704672057249 0.0004919999999999999
247 13.54248402764945 0.000494
248 13.47807737548737 0.000496
249 13.41377729015298 0.000498
250 13.349546425225 0.0005
251 13.28535676554406 0.000502
252 13.22119301356179 0.000504
253 13.15705148328546 0.0005059999999999999
254 13.09293985728798 0.000508
255 13.02887842755356 0.0005099999999999999
256 12.96489472534922 0.000512
257 12.90102278244783 0.000514
258 12.83730723715988 0.000516
259 12.77379938180156 0.000518
260 12.71055351028047 0.00052
261 12.6476273022467 0.000522
262 12.5850817043463 0.0005239999999999999
263 12.52297949486389 0.000526
264 12.46137554575474 0.0005279999999999999
265 12.40032666350776 0.00053
266 12.33988565180023 0.000532
267 12.28009867940988 0.000534
268 12.22100175400361 0.000536
269 12.16262354671357 0.000538
270 12.10498885545995 0.00054
271 12.04812089768315 0.0005419999999999999
272 11.99203156478634 0.000544
273 11.93672595277852 0.0005459999999999999
274 11.88219914693313 0.000548
275 11.82843904332947 0.0005499999999999999
276 11.77542315862256 0.000552
277 11.72311969976909 0.000554
278 11.67148696731591 0.000556
279 11.62047807818337 0.000558
280 11.57004560922836 0.00056
281 11.5201383182028 0.000562
282 11.47070170467027 0.0005639999999999999
283 11.42167707582538 0.000566
284 11.37300390876065 0.0005679999999999999
285 11.3246205161627 0.00057
286 11.27646517273381 0.000572
287 11.22847317477925 0.000574
288 11.18058367200414 0.000576
289 11.13273952521099 0.000578
290 11.08488415543549 0.00058
291 11.0369632657146 0.0005819999999999999
292 10.98891954863624 0.000584
293 10.94069577069292 0.0005859999999999999
294 10.89223977716773 0.000588
295 10.84351067826339 0.0005899999999999999
296 10.79446885123809 0.000592
297 10.74507528662414 0.000594
298 10.69529524272308 0.000596
299 10.6450981383835 0.000598
300 10.59445907862141 0.0005999999999999999
301 10.54335193744901 0.000602
302 10.49174590009501 0.0006039999999999999
303 10.43960907966463 0.000606
304 10.38691451817787 0.0006079999999999999
305 10.33364615542995 0.00061
306 10.2797833072041 0.000612
307 10.22530794527917 0.000614
308 10.17019798604192 0.000616
309 10.11443107493805 0.000618
310 10.0579844111101 0.00062
311 10.00083043320699 0.0006219999999999999
312 9.942935472055808 0.000624
313 9.884265229060974 0.0006259999999999999
314 9.824788247722106 0.000628
315 9.764472709600392 0.0006299999999999999
316 9.703287092629349 0.000632
317 9.641197586041489 0.000634
318 9.578167355080913 0.000636
319 9.514158290685694 0.000638
320 9.449134101719588 0.0006399999999999999
321 9.383063254875104 0.000642
322 9.315915962682142 0.0006439999999999999
323 9.247663650203046 0.000646
324 9.178281673700669 0.0006479999999999999
325 9.107749118876978 0.00065
326 9.036049393612998 0.000652
327 8.963166689684881 0.000654
328 8.889094584147756 0.000656
329 8.813833700743675 0.0006579999999999999
330 8.737390362806538 0.00066
331 8.659774360073657 0.0006619999999999999
332 8.581000288539489 0.000664
333 8.501089544505207 0.0006659999999999999
334 8.420075908981042 0.000668
335 8.338002020032233 0.00067
336 8.254918391754433 0.000672
337 8.170885437608883 0.000674
338 8.085970623022183 0.000676
339 8.000245728549745 0.000678
340 7.913789482604821 0.0006799999999999999
341 7.826685522679993 0.000682
342 7.739019562561582 0.0006839999999999999
343 7.650881164674932 0.000686
344 7.562361542274447 0.0006879999999999999
345 7.473556716127362 0.00069
346 7.384566146329172 0.000692
347 7.295492658309398 0.000694
348 7.206443578907742 0.000696
349 7.117528941968976 0.0006979999999999999
350 7.028859492313067 0.0007
351 6.940545824926634 0.0007019999999999999
352 6.852696084651936 0.000704
353 6.765413572149226 0.0007059999999999999
354 6.678799170919809 0.000708
355 6.592949413888546 0.00071
356 6.507958809583898 0.000712
357 6.423918504387249 0.000714
358 6.340915803486675 0.0007159999999999999
359 6.259035520326841 0.000718
360 6.178358167734819 0.0007199999999999999
361 6.098958977735563 0.000722
362 6.020908952822825 0.0007239999999999999
363 5.944273220405139 0.000726
364 5.8691104359627 0.0007279999999999999
365 5.795471929173805 0.00073
366 5.723407520072382 0.000732
367 5.652961087201475 0.000734
368 5.584169970743154 0.000736
369 5.517068999969549 0.0007379999999999999
370 5.451686757626747 0.00074
371 5.388045857881414 0.0007419999999999999
372 5.326163399808646 0.000744
373 5.266051961624109 0.0007459999999999999
374 5.207721746067472 0.000748
375 5.151183268188817 0.00075
376 5.096444193259294 0.000752
377 5.04350534698684 0.000754
378 4.992366377499851 0.0007559999999999999
379 4.943023054055483 0.000758
380 4.895466244140379 0.0007599999999999999
381 4.849681571175738 0.000762
382 4.805653295262632 0.0007639999999999999
383 4.763366472766349 0.000766
384 4.722803837263877 0.000768
385 4.683945579902016 0.00077
386 4.646772793074994 0.000772
387 4.611270170329882 0.0007739999999999999
388 4.577420764286136 0.000776
389 4.545204189753654 0.0007779999999999999
390 4.514601783978669 0.00078
391 4.485597301847704 0.0007819999999999999
392 4.458176672616748 0.000784
393 4.432327200650978 0.0007859999999999999
394 4.408036269305534 0.000788
395 4.385292787468319 0.00079
396 4.364089630513423 0.000792
397 4.344421392229159 0.000794
398 4.326286525262121 0.0007959999999999999
399 4.309684277825534 0.000798
400 4.294614577722157 0.0007999999999999999
401 4.281080988065143 0.000802
402 4.269087121359012 0.0008039999999999999
403 4.258637459897012 0.000806
404 4.249738228546262 0.000808
405 4.242397493124003 0.00081
406 4.236623618909062 0.000812
407 4.232426392067401 0.0008139999999999999
408 4.229817864172597 0.000816
409 4.228810980938086 0.0008179999999999999
410 4.229416492784034 0.00082
411 4.231644672008145 0.0008219999999999999
412 4.235507490109172 0.000824
413 4.24101400452872 0.0008259999999999999
414 4.248171751232573 0.000828
415 4.256989759709092 0.00083
416 4.267476498700887 0.0008319999999999999
417 4.279638737598642 0.000834
418 4.293481588345586 0.0008359999999999999
419 4.309009250586999 0.000838
420 4.326216424079824 0.0008399999999999999
421 4.345092346288943 0.000842
422 4.365618325495347 0.0008439999999999999
423 4.387769602193561 0.000846
424 4.411516237418124 0.000848
425 4.436823151312958 0.00085
426 4.463652519261187 0.000852
427 4.491962069323879 0.0008539999999999999
428 4.521707334451181 0.000856
429 4.552843007689703 0.0008579999999999999
430 4.585320116810673 0.00086
431 4.619084903479881 0.0008619999999999999
432 4.654079363766069 0.000864
433 4.690242729008689 0.0008659999999999999
434 4.727511231805297 0.000868
435 4.765818352766068 0.00087
436 4.805095160983952 0.0008719999999999999
437 4.845270641688145 0.000874
438 4.886271761305823 0.0008759999999999999
439 4.928024176508231 0.000878
440 4.970452787691885 0.0008799999999999999
441 5.013481621356505 0.000882
442 5.057031930770731 0.0008839999999999999
443 5.101024370231201 0.000886
444 5.145379381375939 0.000888
445 5.190016489401608 0.0008899999999999999
446 5.234857309289248 0.000892
447 5.279826157392748 0.0008939999999999999
448 5.324848917401798 0.000896
449 5.369852589586806 0.0008979999999999999
450 5.414769019959926 0.0009
451 5.459532353064795 0.0009019999999999999
452 5.50407799612839 0.000904
453 5.548340037885844 0.000906
454 5.592254666637998 0.000908
455 5.635759083827019 0.00091
456 5.678793451358463 0.0009119999999999999
457 5.721304118777153 0.000914
458 5.763233763350581 0.0009159999999999999
459 5.804531423886644 0.000918
460 5.845148904314012 0.0009199999999999999
461 5.885039674915547 0.000922
462 5.924159832713856 0.0009239999999999999
463 5.962467420761004 0.000926
464 5.999922666760622 0.000928
465 6.036486636252151 0.0009299999999999999
466 6.07212282800301 0.000932
467 6.10679504798845 0.0009339999999999999
468 6.14047023505441 0.000936
469 6.173117519491633 0.0009379999999999999
470 6.204709329511473 0.00094
471 6.235221863749218 0.0009419999999999999
472 6.264637193830784 0.000944
473 6.292940878239288 0.000946
474 6.320121520530571 0.0009479999999999999
475 6.346169800036097 0.00095
476 6.371076657418242 0.0009519999999999999
477 6.394835342576526 0.000954
478 6.417441210138931 0.0009559999999999999
479 6.438893934187683 0.000958
480 6.459195766810656 0.0009599999999999999
481 6.478350106295706 0.000962
482 6.496362912257464 0.0009639999999999999
483 6.513241731127743 0.000966
484 6.528994534587597 0.000968
485 6.543632067922428 0.0009699999999999999
486 6.557166371085425 0.000972
487 6.569612759380181 0.0009739999999999999
488 6.580989188674045 0.000976
489 6.59131803860802 0.0009779999999999999
490 6.600623602969777 0.00098
491 6.608933583843741 0.000982
492 6.616277406312449 0.0009839999999999998
493 6.622688714335024 0.0009859999999999999
494 6.628200776182256 0.0009879999999999999
495 6.632846044993236 0.00099
496 6.636660230677861 0.000992
497 6.639679288866446 0.0009939999999999999
498 6.641939546936667 0.0009959999999999999
499 6.643477653624113 0.000998
500 6.644331351053235 0.001
501 6.644535477713662 0.001002
502 6.644121557378109 0.001004
503 6.643123175347146 0.001006
504 6.641573688093989 0.001008
505 6.639504133497362 0.00101
506 6.636944950672532 0.001012
507 6.633927217923707 0.001014
508 6.630478617154219 0.001016
509 6.626626887496934 0.001018
510 6.622401419131222 0.00102
511 6.617832713266579 0.001022
512 6.612950965420743 0.001024
513 6.607785119442467 0.001026
514 6.602362329571386 0.001028
515 6.596709010844104 0.00103
516 6.590850801083232 0.001032
517 6.584811578504332 0.001034
518 6.578613424179127 0.001036
519 6.572277270877417 0.001038
520 6.565824539367684 0.00104
521 6.559273165450914 0.001042
522 6.552640770130424 0.001044
523 6.545943041353365 0.001046
524 6.539192299339918 0.001048
525 6.532400114618082 0.00105
526 6.525577335203009 0.001052
527 6.518733240144612 0.001054
528 6.511875373907384 0.001056
529 6.505008795950042 0.001058
530 6.498136952603293 0.00106
531 6.491259680111715 0.001062
532 6.4843823228198 0.001064
533 6.477508554888554 0.001066
534 6.470643474673469 0.001068
535 6.463792364146698 0.00107
536 6.456960678754335 0.001072
537 6.450156318890755 0.001074
538 6.443389493543664 0.001076
539 6.436672410465787 0.001078
540 6.430019927810074 0.00108
541 6.423447765927303 0.001082
542 6.416971483006909 0.001084
543 6.41060900395478 0.001086
544 6.404379402815898 0.001088
545 6.398303517095764 0.00109
546 6.392403174644669 0.001092
547 6.386701323559253 0.001094
548 6.381220371982042 0.001096
549 6.375982112840933 0.001098
550 6.371009183363326 0.0011
551 6.366325023546805 0.001102
552 6.36195370249527 0.001104
553 6.357918858629082 0.001106
554 6.354244037792051 0.001108
555 6.350952917665809 0.00111
556 6.348068180414566 0.001112
557 6.345611693086281 0.001114
558 6.343603773855219 0.001116
559 6.342062204901305 0.001118
560 6.341002363062723 0.00112
561 6.340436581794453 0.001122
562 6.340373802869905 0.001124
563 6.340822044876328 0.001126
564 6.341790016518579 0.001128
565 6.343285392203553 0.00113
566 6.345313778172435 0.001132
567 6.347878249925682 0.001134
568 6.350977933677414 0.001136
569 6.354608587328802 0.001138
570 6.35876304260525 0.00114
571 6.363432742272037 0.001142
572 6.36860591247152 0.001144
573 6.374268283980329 0.001146
574 6.380401449155055 0.001148
575 6.386983823164068 0.00115
576 6.393991612578834 0.001152
577 6.401398080109217 0.001154
578 6.409174371677032 0.001156
579 6.417289975400045 0.001158
580 6.425710443313573 0.00116
581 6.434397534429519 0.001162
582 6.443309667715198 0.001164
583 6.452402653286332 0.001166
584 6.461631024188623 0.001168
585 6.47094932939727 0.00117
586 6.480310400481289 0.001172
587 6.489665769279889 0.001174
588 6.498966281124112 0.001176
589 6.508163162359735 0.001178
590 6.517206986582155 0.00118
591 6.526047689116103 0.001182
592 6.534635341186264 0.001184
593 6.542920992346214 0.001186
594 6.550855482448948 0.001188
595 6.558389576980049 0.00119
596 6.565474908910642 0.001192
597 6.572064485590496 0.001194
598 6.578113168477142 0.001196
599 6.583576781893496 0.001198
600 6.588413984743374 0.0012
601 6.592584751406013 0.001202
602 6.596050847970654 0.001204
603 6.598776481197455 0.001206
604 6.600728589023763 0.001208
605 6.60187709698042 0.00121
606 6.602190985851771 0.001212
607 6.601643234855931 0.001214
608 6.60021287516644 0.001216
609 6.597879808648591 0.001218
610 6.594626217649197 0.00122
611 6.590436097309359 0.001222
612 6.58529677547531 0.001224
613 6.579197871298749 0.001226
614 6.572132042769629 0.001228
615 6.564093231684408 0.00123
616 6.555077938011184 0.001232
617 6.545082794298014 0.001234
618 6.534107537037296 0.001236
619 6.52215287233635 0.001238
620 6.509220270352289 0.00124
621 6.495312688882154 0.001242
622 6.480433477802571 0.001244
623 6.464588489554791 0.001246
624 6.447786534823452 0.001248
625 6.430038236551324 0.00125
626 6.411354048985989 0.001252
627 6.391747974370777 0.001254
628 6.371234592215478 0.001256
629 6.34982922799666 0.001258
630 6.3275457776372 0.00126
631 6.30439791679427 0.001262
632 6.28040160476032 0.001264
633 6.255572798634224 0.001266
634 6.22992872228478 0.001268
635 6.203486365861581 0.00127
636 6.176263241370216 0.001272
637 6.148277509670803 0.001274
638 6.119547042992 0.001276
639 6.090088798510936 0.001278
640 6.059921136745291 0.00128
641 6.029062321867517 0.001282
642 5.997531881545691 0.001284
643 5.965349785616831 0.001286
644 5.932536864603595 0.001288
645 5.899114206171496 0.00129
646 5.86510234658202 0.001292
647 5.830522135276341 0.001294
648 5.795394999221529 0.001296
649 5.759743220589601 0.001298
650 5.723590545835906 0.0013
651 5.686961619501824 0.001302
652 5.649881676338035 0.001304
653 5.612376439045709 0.001306
654 5.574471403310775 0.001308
655 5.536192196517312 0.00131
656 5.497565013081812 0.001312
657 5.458615719387802 0.001314
658 5.419369056345093 0.001316
659 5.379848470553163 0.001318
660 5.340076320280001 0.00132
661 5.300074507719883 0.001322
662 5.259865124225557 0.001324
663 5.219470575302736 0.001326
664 5.178913203858762 0.001328
665 5.138214367510794 0.00133
666 5.097394339563589 0.001332
667 5.05647228304388 0.001334
668 5.015466224439812 0.001336
669 4.974393603446067 0.001338
670 4.933271915401136 0.00134
671 4.892119815454656 0.001342
672 4.850954497370684 0.001344
673 4.809789652426503 0.001346
674 4.768637626708412 0.001348
675 4.727512818549828 0.00135
676 4.686428326484522 0.001352
677 4.645396883300612 0.001354
678 4.604429648568965 0.001356
679 4.563537005911689 0.001358
680 4.522730157851468 0.00136
681 4.482019392994671 0.001362
682 4.441415204266274 0.001364
683 4.400930076353568 0.001366
684 4.360577407096003 0.001368
685 4.320371865043081 0.00137
686 4.28032756876721 0.001372
687 4.240458491914809 0.001374
688 4.200779808534891 0.001376
689 4.161307299630156 0.001378
690 4.122057036064704 0.00138
691 4.083045496025561 0.001382
692 4.044289382863179 0.001384
693 4.005806272107889 0.001386
694 3.967614831748584 0.001388
695 3.929734010465772 0.00139
696 3.892184501023423 0.001392
697 3.854988407714263 0.001394
698 3.818168577495335 0.001396
699 3.781748219742044 0.001398
700 3.745751648958582 0.0014
701 3.710204979326079 0.001402
702 3.675135841112449 0.001404
703 3.640571917708439 0.001406
704 3.606540822379066 0.001408
705 3.573069644342019 0.00141
706 3.540186044135048 0.001412
707 3.507917667550759 0.001414
708 3.476291901639041 0.001416
709 3.445335404533159 0.001418
710 3.415073939646552 0.00142
711 3.385532613471241 0.001422
712 3.356736969324164 0.001424
713 3.32871172688618 0.001426
714 3.301481101760672 0.001428
715 3.275068395831054 0.00143
716 3.249495946315639 0.001432
717 3.224784431939475 0.001434
718 3.200954311402174 0.001436
719 3.178025374558159 0.001438
720 3.156015091513835 0.00144
721 3.134939535919328 0.001442
722 3.114812712318393 0.001444
723 3.095646536167278 0.001446
724 3.077448977054567 0.001448
725 3.060226980802415 0.00145
726 3.043984807015969 0.001452
727 3.028725865532764 0.001454
728 3.014449557794949 0.001456
729 3.001152707001352 0.001458
730 2.988830413518774 0.00146
731 2.977473459911994 0.001462
732 2.967070616814201 0.001464
733 2.957608504260712 0.001466
734 2.949072374025208 0.001468
735 2.94144653850184 0.00147
736 2.934712373377921 0.001472
737 2.928849719111332 0.001474
738 2.923837872698547 0.001476
739 2.919655759338302 0.001478
740 2.916281439474212 0.00148
741 2.913692020362185 0.001482
742 2.911862744892913 0.001484
743 2.910767987811095 0.001486
744 2.910382194529648 0.001488
745 2.910679288612861 0.00149
746 2.911632643839921 0.001492
747 2.91321522243983 0.001494
748 2.915399536565056 0.001496
749 2.918157983195341 0.001498
750 2.921462133888903 0.0015
751 2.925283834127471 0.001502
752 2.929594319925155 0.001504
753 2.934364036322919 0.001506
754 2.939563254448279 0.001508
755 2.945161985344495 0.00151
756 2.951129224207007 0.001512
757 2.957433650820251 0.001514
758 2.964044247350726 0.001516
759 2.970930079963898 0.001518
760 2.978060728325392 0.00152
761 2.985406828408727 0.001522
762 2.992939894249156 0.001524
763 3.000632168891783 0.001526
764 3.008456820805212 0.001528
765 3.016387487251814 0.00153
766 3.024397731448664 0.001532
767 3.032461279508095 0.001534
768 3.040552345214528 0.001536
769 3.048645548843508 0.001538
770 3.056716150589627 0.00154
771 3.064740439203497 0.001542
772 3.072695298966197 0.001544
773 3.080558379945638 0.001546
774 3.088308059930772 0.001548
775 3.095924049493001 0.00155
776 3.103386896875274 0.001552
777 3.110677760440921 0.001554
778 3.117778861059688 0.001556
779 3.124673326558231 0.001558
780 3.131346027656192 0.00156
781 3.137783398263155 0.001562
782 3.143973088620781 0.001564
783 3.149904168601922 0.001566
784 3.155567304240537 0.001568
785 3.160953944850733 0.00157
786 3.166056737232765 0.001572
787 3.170868958415984 0.001574
788 3.175384230418616 0.001576
789 3.179597208824085 0.001578
790 3.183503147641047 0.00158
791 3.18709814199088 0.001582
792 3.190378364346861 0.001584
793 3.193340740262498 0.001586
794 3.195982403719734 0.001588
795 3.198301487709037 0.00159
796 3.200297376789718 0.001592
797 3.201969965271958 0.001594
798 3.203319642643792 0.001596
799 3.204347707272093 0.001598
800 3.205056702511387 0.0016
801 3.205450463585418 0.001602
802 3.205534445320219 0.001604
803 3.205314593849843 0.001606
804 3.204797508804766 0.001608
805 3.203991014485065 0.00161
806 3.202903455557574 0.001612
807 3.20154394249971 0.001614
808 3.199922069130281 0.001616
809 3.198047805146072 0.001618
810 3.195931034367029 0.00162
811 3.193581375048565 0.001622
812 3.191008661047551 0.001624
813 3.188222960858341 0.001626
814 3.185234646108035 0.001628
815 3.182054072481948 0.00163
816 3.178691724475517 0.001632
817 3.175158205707485 0.001634
818 3.171463915074523 0.001636
819 3.167618409882761 0.001638
820 3.163630347354748 0.00164
821 3.159508119588341 0.001642
822 3.155260084736491 0.001644
823 3.150894621589497 0.001646
824 3.14642014662174 0.001648
825 3.141844108578474 0.00165
826 3.137174312889906 0.001652
827 3.13241873156359 0.001654
828 3.127585905595245 0.001656
829 3.122684036700712 0.001658
830 3.117720626263351 0.00166
831 3.11270343547254 0.001662
832 3.107641056154451 0.001664
833 3.102542703374767 0.001666
834 3.097417930734058 0.001668
835 3.092277326861754 0.00167
836 3.087132080542692 0.001672
837 3.08199306539282 0.001674
838 3.076870244820327 0.001676
839 3.071773050051683 0.001678
840 3.066711260275128 0.00168
841 3.061695630205174 0.001682
842 3.056737621451747 0.001684
843 3.051848797240931 0.001686
844 3.047042317212635 0.001688
845 3.042332720575156 0.00169
846 3.037734207480892 0.001692
847 3.033259979712458 0.001694
848 3.028921823385442 0.001696
849 3.024732949469565 0.001698
850 3.020706306072189 0.0017
851 3.016857140916759 0.001702
852 3.013200903508324 0.001704
853 3.009752717390607 0.001706
854 3.006527569358465 0.001708
855 3.00354004653721 0.00171
856 3.000804409440495 0.001712
857 2.998334423130257 0.001714
858 2.996143694015276 0.001716
859 2.994245351587654 0.001718
860 2.992652172102461 0.00172
861 2.99137669971331 0.001722
862 2.990430419034687 0.001724
863 2.989824650224603 0.001726
864 2.989570866212273 0.001728
865 2.989679867178367 0.00173
866 2.990161549767183 0.001732
867 2.991024654391593 0.001734
868 2.99227666311715 0.001736
869 2.993924012540699 0.001738
870 2.995971547287581 0.00174
871 2.998422232098082 0.001742
872 3.001277957127082 0.001744
873 3.004540001275401 0.001746
874 3.008208955220975 0.001748
875 3.012284554286354 0.00175
876 3.016765564552519 0.001752
877 3.021649382931761 0.001754
878 3.026931974865717 0.001756
879 3.0326086587813 0.001758
880 3.038673787151065 0.00176
881 3.045120228673617 0.001762
882 3.051941066117118 0.001764
883 3.059129424220771 0.001766
884 3.066677010757613 0.001768
885 3.074574616871508 0.00177
886 3.082811988444774 0.001772
887 3.091378498073436 0.001774
888 3.100263520388369 0.001776
889 3.109455586171996 0.001778
890 3.118942927580181 0.00178
891 3.128713484645011 0.001782
892 3.138754811444136 0.001784
893 3.149053647580822 0.001786
894 3.159596327967425 0.001788
895 3.170368773001324 0.00179
896 3.181356180176322 0.001792
897 3.19254264466566 0.001794
898 3.20391175628744 0.001796
899 3.215446839713581 0.001798
900 3.227130610301056 0.0018
901 3.238945489613738 0.001802
902 3.2508730783904 0.001804
903 3.262894870950836 0.001806
904 3.274991957169316 0.001808
905 3.287145422019855 0.00181
906 3.299336608617211 0.001812
907 3.311546900912439 0.001814
908 3.323757367218095 0.001816
909 3.335948778888622 0.001818
910 3.348101691805827 0.00182
911 3.360196970605663 0.001822
912 3.372215904514384 0.001824
913 3.38414000087076 0.001826
914 3.395950726846149 0.001828
915 3.407630207564862 0.00183
916 3.419160911502205 0.001832
917 3.430524819703376 0.001834
918 3.441703637207048 0.001836
919 3.452679215949868 0.001838
920 3.463433191550989 0.00184
921 3.473946796117153 0.001842
922 3.484201489957168 0.001844
923 3.494178316145326 0.001846
924 3.50385845502253 0.001848
925 3.513223990744744 0.00185
926 3.522257428778215 0.001852
927 3.530941065110345 0.001854
928 3.539257705427438 0.001856
929 3.547189532575893 0.001858
930 3.554718735659372 0.00186
931 3.561827346308652 0.001862
932 3.568497223849569 0.001864
933 3.574711144615024 0.001866
934 3.580452633504223 0.001868
935 3.585705664420423 0.00187
936 3.590455490138153 0.001872
937 3.594688817870249 0.001874
938 3.598393941270096 0.001876
939 3.60156057132908 0.001878
940 3.604178513540035 0.00188
941 3.606238499260387 0.001882
942 3.607731751861259 0.001884
943 3.608650345161129 0.001886
944 3.608987469656197 0.001888
945 3.608737496250125 0.00189
946 3.607896043467304 0.001892
947 3.60645963078535 0.001894
948 3.604425533745732 0.001896
949 3.601791395988882 0.001898
950 3.598555932214383 0.0019
951 3.594718198469004 0.001902
952 3.590277983131476 0.001904
953 3.585235121739112 0.001906
954 3.579589687715008 0.001908
955 3.573342470623067 0.00191
956 3.56649504992724 0.001912
957 3.559049296914435 0.001914
958 3.551007801787808 0.001916
959 3.542373962001135 0.001918
960 3.533151221389392 0.00192
961 3.52334350225542 0.001922
962 3.512954905205296 0.001924
963 3.501990117556898 0.001926
964 3.490454256910079 0.001928
965 3.478353041466891 0.00193
966 3.465692797335723 0.001932
967 3.452480860565883 0.001934
968 3.438724667286526 0.001936
969 3.424431654510142 0.001938
970 3.409610234395998 0.00194
971 3.394269697923796 0.001942
972 3.378419933578351 0.001944
973 3.362071784118641 0.001946
974 3.345235393038075 0.001948
975 3.327920823384812 0.00195
976 3.310138120977758 0.001952
977 3.291897204506025 0.001954
978 3.273208710817458 0.001956
979 3.254084525907781 0.001958
980 3.234536983535856 0.00196
981 3.214578850150307 0.001962
982 3.194223681071015 0.001964
983 3.173485544895078 0.001966
984 3.15237870908086 0.001968
985 3.13091776418565 0.00197
986 3.109117327031586 0.001972
987 3.086992056647659 0.001974
988 3.064557021591763 0.001976
989 3.04182747194063 0.001978
990 3.01881858214856 0.00198
991 2.995545853553187 0.001982
992 2.972025236806489 0.001984
993 2.948272610149387 0.001986
994 2.92430404831502 0.001988
995 2.900135851112746 0.00199
996 2.875784506687965 0.001992
997 2.851266717653963 0.001994
998 2.826599349881803 0.001996
999 2.801799454643811 0.001998
1000 2.776883842309406 0.002
1001 2.751869701969902 0.002002
1002 2.726774357714933 0.002004
1003 2.701615124245865 0.002006
1004 2.676409202071902 0.002008
1005 2.651173728345903 0.00201
1006 2.625925986708213 0.002012
1007 2.60068321348922 0.002014
1008 2.575462340826673 0.002016
1009 2.550280035531482 0.002018
1010 2.525152606701832 0.00202
1011 2.5000961559661 0.002022
1012 2.475126598958401 0.002024
1013 2.450259285715108 0.002026
1014 2.425509227441359 0.002028
1015 2.400891308087318 0.00203
1016 2.376420031962318 0.002032
1017 2.352109272175801 0.002034
1018 2.32797201604876 0.002036
1019 2.304020859255998 0.002038
1020 2.28026824377992 0.00204
1021 2.256726235090815 0.002042
1022 2.233406291501807 0.002044
1023 2.210319407984593 0.002046
1024 2.187475928709875 0.002048
1025 2.164885588407143 0.00205
1026 2.142557811408619 0.002052
1027 2.120501748275113 0.002054
1028 2.098726495277804 0.002056
1029 2.07724059029144 0.002058
1030 2.056051947314887 0.00206
1031 2.035168212803431 0.002062
1032 2.014596409946335 0.002064
1033 1.99434312032299 0.002066
1034 1.974414480175854 0.002068
1035 1.954815961716606 0.00207
1036 1.935552465575133 0.002072
1037 1.91662838207399 0.002074
1038 1.898047469302681 0.002076
1039 1.879813196952643 0.002078
1040 1.861928419287201 0.00208
1041 1.844395254119997 0.002082
1042 1.827215193462788 0.002084
1043 1.810389165374912 0.002086
1044 1.793917172564944 0.002088
1045 1.777798241893735 0.00209
1046 1.762030772531018 0.002092
1047 1.746612843797822 0.002094
1048 1.731541902369802 0.002096
1049 1.716814693545077 0.002098
1050 1.702427882672778 0.0021
1051 1.688377337185842 0.002102
1052 1.674658459413409 0.002104
1053 1.661266519956459 0.002106
1054 1.648196317216233 0.002108
1055 1.63544228905155 0.00211
1056 1.622998828090719 0.002112
1057 1.610860185632556 0.002114
1058 1.599020651954532 0.002116
1059 1.587473738293486 0.002118
1060 1.576213285015767 0.00212
1061 1.56523309351217 0.002122
1062 1.554526904994843 0.002124
1063 1.544087648903105 0.002126
1064 1.533907211014001 0.002128
1065 1.523976350632442 0.00213
1066 1.514284936526226 0.002132
1067 1.504821684922832 0.002134
1068 1.495576648328021 0.002136
1069 1.486538728420208 0.002138
1070 1.477696734254625 0.00214
1071 1.469039685183381 0.002142
1072 1.460558337702609 0.002144
1073 1.452244240654554 0.002146
1074 1.444088289323471 0.002148
1075 1.436080576915644 0.00215
1076 1.428210511035783 0.002152
1077 1.420467070574074 0.002154
1078 1.412839338869491 0.002156
1079 1.405317199588197 0.002158
1080 1.397890564161526 0.00216
1081 1.390549666465032 0.002162
1082 1.383285154016952 0.002164
1083 1.376087300309305 0.002166
1084 1.368946595412919 0.002168
1085 1.361853627514356 0.00217
1086 1.354799068973141 0.002172
1087 1.347773652627864 0.002174
1088 1.340767898143562 0.002176
1089 1.333772534163095 0.002178
1090 1.326778420506046 0.00218
1091 1.319776694778586 0.002182
1092 1.312758526338047 0.002184
1093 1.305715237672399 0.002186
1094 1.298637981264037 0.002188
1095 1.29151785013835 0.00219
1096 1.284346485671509 0.002192
1097 1.277116099338886 0.002194
1098 1.269819904383007 0.002196
1099 1.262451414092951 0.002198
1100 1.255004886124441 0.0022
1101 1.247474063950995 0.002202
1102 1.239852788281151 0.002204
1103 1.232135240204183 0.002206
1104 1.224315588850693 0.002208
1105 1.216388107382312 0.00221
1106 1.208347099780779 0.002212
1107 1.200187476206609 0.002214
1108 1.191904530663241 0.002216
1109 1.183493765293904 0.002218
1110 1.174950952427591 0.00222
1111 1.166271405361438 0.002222
1112 1.15745094067507 0.002224
1113 1.148485696947316 0.002226
1114 1.139371918894505 0.002228
1115 1.130106109721403 0.00223
1116 1.120684789498818 0.002232
1117 1.111104419159765 0.002234
1118 1.101361273085049 0.002236
1119 1.091452043104045 0.002238
1120 1.081374095879838 0.00224
1121 1.071125528620373 0.002242
1122 1.06070520302334 0.002244
1123 1.050112332148227 0.002246
1124 1.039346401280749 0.002248
1125 1.028407182952084 0.00225
1126 1.01729494425886 0.002252
1127 1.006010751050773 0.002254
1128 0.9945561700065471 0.002256
1129 0.9829331485330273 0.002258
1130 0.9711436079018712 0.00226
1131 0.9591897543043055 0.002262
1132 0.9470743337036757 0.002264
1133 0.9348008415657656 0.002266
1134 0.9223732764063126 0.002268
1135 0.9097963786608575 0.00227
1136 0.8970754871033846 0.002272
1137 0.8842167531359902 0.002274
1138 0.8712273080656651 0.002276
1139 0.8581149506070551 0.002278
1140 0.8448876160033557 0.00228
1141 0.8315538007203315 0.002282
1142 0.8181222549749951 0.002284
1143 0.8046023441661169 0.002286
1144 0.7910037015776562 0.002288
1145 0.7773361405203509 0.00229
1146 0.7636096294877431 0.002292
1147 0.7498344883496442 0.002294
1148 0.7360213549805361 0.002296
1149 0.7221807335627519 0.002298
1150 0.7083234974693956 0.0023
1151 0.6944606955994209 0.002302
1152 0.6806038109028066 0.002304
1153 0.6667645971679915 0.002306
1154 0.6529544947100635 0.002308
1155 0.6391853901390732 0.00231
1156 0.6254695793203173 0.002312
1157 0.6118194633259217 0.002314
1158 0.598248054779275 0.002316
1159 0.584768389250506 0.002318
1160 0.5713936671021681 0.00232
1161 0.5581372031579864 0.002322
1162 0.5450121046021247 0.002324
1163 0.5320312589761927 0.002326
1164 0.5192070277044096 0.002328
1165 0.5065510545936556 0.00233
1166 0.4940751407952682 0.002332
1167 0.4817905821536581 0.002334
1168 0.4697079154292372 0.002336
1169 0.4578375097405843 0.002338
1170 0.446189464506553 0.00234
1171 0.4347739740102612 0.002342
1172 0.4236014829961749 0.002344
1173 0.4126826157003355 0.002346
1174 0.4020281833823526 0.002348
1175 0.3916487725621723 0.00235
1176 0.3815554201083607 0.002352
1177 0.371758014976824 0.002354
1178 0.3622659202425031 0.002356
1179 0.3530871527179572 0.002358
1180 0.3442286700806464 0.00236
1181 0.3356964704033371 0.002362
1182 0.3274958764954747 0.002364
1183 0.3196319989974105 0.002366
1184 0.3121088978436088 0.002368
1185 0.3049301699651624 0.00237
1186 0.2980988673178958 0.002372
1187 0.2916177967163874 0.002374
1188 0.2854892207126078 0.002376
1189 0.2797150322224279 0.002378
1190 0.2742964036797575 0.00238
1191 0.2692334898701664 0.002382
1192 0.2645255881822599 0.002384
1193 0.2601711498179107 0.002386
1194 0.2561677163057402 0.002388
1195 0.2525120569624481 0.00239
1196 0.2492007120934066 0.002392
1197 0.2462298236717921 0.002394
1198 0.2435952616356072 0.002396
1199 0.2412924811623313 0.002398
1200 0.2393165648881385 0.0024
1201 0.2376619066568985 0.002402
1202 0.2363225132787716 0.002404
1203 0.2352920544015953 0.002406
1204 0.2345636280704315 0.002408
