"pressure-monitor-rfile"
"Time Step" "pressure-monitor etc.."
("Time Step" "pressure-monitor" "flow-time")
0 17.24801124229333 0
1 17.24615275650919 2e-06
2 17.24509397689721 4e-06
3 17.24493221366163 6e-06
4 17.24562001478404 8e-06
5 17.24701094170801 9.999999999999999e-06
6 17.24887096206154 1.2e-05
7 17.25094347575135 1.4e-05
8 17.2530031106078 1.6e-05
9 17.25491157635996 1.8e-05
10 17.25660267886534 2e-05
11 17.25808518696464 2.2e-05
12 17.25940368959011 2.4e-05
13 17.26060680528339 2.6e-05
14 17.26172091776892 2.8e-05
15 17.2627484401065 3e-05
16 17.26368036116574 3.2e-05
17 17.26450545363431 3.4e-05
18 17.26522865254633 3.6e-05
19 17.2658617778288 3.8e-05
20 17.26642065888803 4e-05
21 17.26692508903634 4.2e-05
22 17.26739669042911 4.4e-05
23 17.26785523585334 4.6e-05
24 17.26831097643009 4.8e-05
25 17.26876158152937 5e-05
26 17.26919470077694 5.2e-05
27 17.26958555598753 5.4e-05
28 17.26989261796322 5.6e-05
29 17.27006247013381 5.8e-05
30 17.27002629997351 5.999999999999999e-05
31 17.26968828657098 6.2e-05
32 17.26891796011671 6.4e-05
33 17.26755307234865 6.599999999999999e-05
34 17.26540041422699 6.8e-05
35 17.26221466025001 6.999999999999999e-05
36 17.25771880443276 7.2e-05
37 17.25158394549721 7.4e-05
38 17.24343080321816 7.599999999999999e-05
39 17.23287473843948 7.8e-05
40 17.21952066786531 7.999999999999999e-05
41 17.20296632560468 8.2e-05
42 17.1827800417894 8.4e-05
43 17.15854863101227 8.599999999999999e-05
44 17.12995960672983 8.8e-05
45 17.09682632896836 8.999999999999999e-05
46 17.05910149640814 9.2e-05
47 17.01691383029269 9.399999999999999e-05
48 16.97057035200351 9.6e-05
49 16.92059296831719 9.8e-05
50 16.86772307769229 9.999999999999999e-05
51 16.81290117400739 0.000102
52 16.75724949480563 0.000104
53 16.70204422909746 0.000106
54 16.64867159538969 0.000108
55 16.59859422998116 0.00011
56 16.55327737678216 0.000112
57 16.51414879092383 0.000114
58 16.48254895748575 0.000116
59 16.45967380835601 0.000118
60 16.44654235292887 0.00012
61 16.44398315930271 0.000122
62 16.4526016254923 0.000124
63 16.47278187201671 0.000126
64 16.50469305964954 0.000128
65 16.54828873206822 0.00013
66 16.60333503033059 0.000132
67 16.66941880012403 0.000134
68 16.74600402629279 0.000136
69 16.83243091711961 0.000138
70 16.92795722063278 0.00014
71 17.03178081689843 0.000142
72 17.1430674603872 0.000144
73 17.260967277587 0.000146
74 17.384613436292 0.000148
75 17.51314582209045 0.00015
76 17.64570793340698 0.000152
77 17.78143401789078 0.000154
78 17.9194467887776 0.000156
79 18.05884381286534 0.000158
80 18.19869318162753 0.00016
81 18.33803315818521 0.000162
82 18.47586467246283 0.000164
83 18.6111547460136 0.000166
84 18.74284681152013 0.000168
85 18.86987473661848 0.00017
86 18.99118505687449 0.000172
87 19.10576312141843 0.000174
88 19.21265722999185 0.000176
89 19.31101341545556 0.000178
90 19.40010970220015 0.00018
91 19.47938979410062 0.000182
92 19.54848490228432 0.000184
93 19.60723245543501 0.000186
94 19.65569539256656 0.000188
95 19.69417060820498 0.00019
96 19.72319264602978 0.000192
97 19.74350291698953 0.000194
98 19.7560311737049 0.000196
99 19.76186302263579 0.000198
100 19.76220808114345 0.0002
101 19.75835580974093 0.000202
102 19.75162802886129 0.000204
103 19.74330880031401 0.000206
104 19.73461258342768 0.000208
105 19.72663564788084 0.00021
106 19.72034161135232 0.000212
107 19.7165456516912 0.000214
108 19.71588873212891 0.000216
109 19.71881494233261 0.000218
110 19.72558829245616 0.00022
111 19.73629275079012 0.000222
112 19.75084918909547 0.000224
113 19.76904636377106 0.000226
114 19.7905678304042 0.000228
115 19.81501708768293 0.00023
116 19.84193500809198 0.000232
117 19.87080754139815 0.000234
118 19.90111890130103 0.000236
119 19.93239188189123 0.000238
120 19.96417509207637 0.00024
121 19.99606833648809 0.000242
122 20.02774386019274 0.000244
123 20.05894313752325 0.000246
124 20.08948184654851 0.000248
125 20.11924650606152 0.00025
126 20.14819203015157 0.000252
127 20.17632217694918 0.000254
128 20.20368325325219 0.000256
129 20.23035267614768 0.000258
130 20.25642723081737 0.00026
131 20.2820109763593 0.000262
132 20.30719663679856 0.000264
133 20.33204728159891 0.000266
134 20.35661042416045 0.000268
135 20.38091517518599 0.00027
136 20.40498233780283 0.000272
137 20.42880798529645 0.000274
138 20.4523749266329 0.000276
139 20.47565779561517 0.000278
140 20.49861586609759 0.00028
141 20.52119938884659 0.000282
142 20.54335336024587 0.000284
143 20.56502065519738 0.000286
144 20.58613073958705 0.000288
145 20.6066242651548 0.00029
146 20.62645087063547 0.000292
147 20.6455548149722 0.000294
148 20.66387866676921 0.000296
149 20.68136843212049 0.000298
150 20.69797858461566 0.0003
151 20.71366966713387 0.000302
152 20.72841028469153 0.000304
153 20.74216837877569 0.000306
154 20.75489276877572 0.000308
155 20.76653232335624 0.00031
156 20.77704070649075 0.000312
157 20.78637148432513 0.000314
158 20.79445980517013 0.000316
159 20.80122904098877 0.000318
160 20.80658636684271 0.00032
161 20.81044346554686 0.000322
162 20.81269341142704 0.000324
163 20.81322744553881 0.000326
164 20.8119371819377 0.000328
165 20.80872506876468 0.00033
166 20.80349365606719 0.000332
167 20.79613998509188 0.000334
168 20.78655776040976 0.000336
169 20.7746405310433 0.000338
170 20.76028493984923 0.00034
171 20.74339362129289 0.000342
172 20.72387486660541 0.000344
173 20.70163357806816 0.000346
174 20.67658294083061 0.000348
175 20.6486343591122 0.00035
176 20.61769618197976 0.000352
177 20.58365775253648 0.000354
178 20.54639378992919 0.000356
179 20.50577798289541 0.000358
180 20.46168583676345 0.00036
181 20.41399487851273 0.000362
182 20.36258711579374 0.000364
183 20.30735302286543 0.000366
184 20.24819077259998 0.000368
185 20.18499443239397 0.00037
186 20.11766648380092 0.000372
187 20.04612228825887 0.000374
188 19.97028719526922 0.000376
189 19.89010048858527 0.000378
190 19.80551861603051 0.00038
191 19.71651652573078 0.000382
192 19.62309398900966 0.000384
193 19.52527870364744 0.000386
194 19.42311700707058 0.000388
195 19.31667005403521 0.00039
196 19.20602841946514 0.000392
197 19.09131643718893 0.000394
198 18.97268864372605 0.000396
199 18.85033914499081 0.000398
200 18.72450074220452 0.0004
201 18.59542943489262 0.000402
202 18.46341428335366 0.000404
203 18.328778465865 0.000406
204 18.19187570503756 0.000408
205 18.0530870807692 0.00041
206 17.91282331621791 0.000412
207 17.77149694468198 0.000414
208 17.62952805776576 0.000416
209 17.48734074305986 0.000418
210 17.34536017806764 0.00042
211 17.20400284823376 0.000422
212 17.06367639827681 0.000424
213 16.92477390357632 0.000426
214 16.78766441602308 0.000428
215 16.65268351131838 0.00043
216 16.52013988539131 0.000432
217 16.39030825733143 0.000434
218 16.26343293755223 0.000436
219 16.13972433888436 0.000438
220 16.01935217048532 0.00044
221 15.90244735716268 0.000442
222 15.78909415447179 0.000444
223 15.67933649646948 0.000446
224 15.57318318627696 0.000448
225 15.47060383984703 0.00045
226 15.37154014036106 0.000452
227 15.27590923568193 0.000454
228 15.18359478180604 0.000456
229 15.09445967304051 0.000458
230 15.00834863197643 0.00046
231 14.92508918387276 0.000462
232 14.84450394820991 0.000464
233 14.7664083710886 0.000466
234 14.6906070743609 0.000468
235 14.6168959524199 0.00047
236 14.54506754295388 0.000472
237 14.47491431593878 0.000474
238 14.40623273316251 0.000476
239 14.33882817932328 0.000478
240 14.27251194647956 0.00048
241 14.20711263207254 0.000482
242 14.14247021189446 0.000484
243 14.07844359328203 0.000486
244 14.01491178469414 0.000488
245 13.95176866085419 0.00049
246 13.8889192833977 0.0004919999999999999
247 13.82627939440498 0.000494
248 13.76378513445395 0.000496
249 13.70138713455361 0.000498
250 13.63904807738637 0.0005
251 13.57674013196256 0.000502
252 13.5144481386708 0.000504
253 13.45216847664179 0.0005059999999999999
254 13.38990903470008 0.000508
255 13.32769016989784 0.0005099999999999999
256 13.26553935713989 0.000512
257 13.20349075177706 0.000514
258 13.14158949951016 0.000516
259 13.07988701850558 0.000518
260 13.01843770481022 0.00052
261 12.95729923314153 0.000522
262 12.89653266551582 0.0005239999999999999
263 12.83620097659843 0.000526
264 12.77635958355706 0.0005279999999999999
265 12.71706571374128 0.00053
266 12.6583722678287 0.000532
267 12.6003256740053 0.000534
268 12.54296197769539 0.000536
269 12.48631018393749 0.000538
270 12.43039506409295 0.00054
271 12.37523964696848 0.0005419999999999999
272 12.32085592679669 0.000544
273 12.26724892605962 0.0005459999999999999
274 12.21441359861621 0.000548
275 12.16233748234943 0.0005499999999999999
276 12.1109975318766 0.000552
277 12.0603612999383 0.000554
278 12.01038627067462 0.000556
279 11.96102471679627 0.000558
280 11.91222851894076 0.00056
281 11.86394562342693 0.000562
282 11.81612052527108 0.0005639999999999999
283 11.76869415317509 0.000566
284 11.72160539847095 0.0005679999999999999
285 11.67479251150321 0.00057
286 11.62819341727779 0.000572
287 11.58174311864516 0.000574
288 11.53538046297258 0.000576
289 11.48904782612348 0.000578
290 11.44268921743438 0.00058
291 11.39624992615235 0.0005819999999999999
292 11.34967203314954 0.000584
293 11.30289778968017 0.0005859999999999999
294 11.25587500552045 0.000588
295 11.208562783732 0.0005899999999999999
296 11.16091961680647 0.000592
297 11.11290754420436 0.000594
298 11.06449172918396 0.000596
299 11.01564158993009 0.000598
300 10.96633163593181 0.0005999999999999999
301 10.91653460655234 0.000602
302 10.86622093827078 0.0006039999999999999
303 10.81535862845095 0.000606
304 10.76392260563092 0.0006079999999999999
305 10.7118974891538 0.00061
306 10.6592642822237 0.000612
307 10.60600582034937 0.000614
308 10.55209968694595 0.000616
309 10.4975227510551 0.000618
310 10.44225109303533 0.00062
311 10.38625628224859 0.0006219999999999999
312 10.32950500710645 0.000624
313 10.27196326221898 0.0006259999999999999
314 10.21359988025963 0.000628
315 10.15438347400636 0.0006299999999999999
316 10.09428313214916 0.000632
317 10.03326519620278 0.000634
318 9.971292659163316 0.000636
319 9.908326824020644 0.000638
320 9.844331652662691 0.0006399999999999999
321 9.779277487687754 0.000642
322 9.713135592258221 0.0006439999999999999
323 9.645877986015321 0.000646
324 9.577480867618277 0.0006479999999999999
325 9.507925100832203 0.00065
326 9.437192718516147 0.000652
327 9.365266662601815 0.000654
328 9.292139514396188 0.000656
329 9.217812207148484 0.0006579999999999999
330 9.142291430156993 0.00066
331 9.065586450867523 0.0006619999999999999
332 8.987712491748701 0.000664
333 8.908693492680817 0.0006659999999999999
334 8.82856656808482 0.000668
335 8.747377372952624 0.00067
336 8.66517723912745 0.000672
337 8.582027685867819 0.000674
338 8.497994643274534 0.000676
339 8.413148159311975 0.000678
340 8.32756688193936 0.0006799999999999999
341 8.241335613904964 0.000682
342 8.154540634252783 0.0006839999999999999
343 8.067270273653421 0.000686
344 7.979615672690464 0.0006879999999999999
345 7.891674123192947 0.00069
346 7.803547476447423 0.000692
347 7.715340680645726 0.000694
348 7.627162614430041 0.000696
349 7.539124436596883 0.0006979999999999999
350 7.451336654103313 0.0007
351 7.363908339348638 0.0007019999999999999
352 7.276945584484901 0.000704
353 7.190550217585416 0.0007059999999999999
354 7.104823536528592 0.000708
355 7.019863096903146 0.00071
356 6.935764426069378 0.000712
357 6.85261896393809 0.000714
358 6.770514014524439 0.0007159999999999999
359 6.689534034385827 0.000718
360 6.609758978567012 0.0007199999999999999
361 6.531263457508222 0.000722
362 6.454116916842099 0.0007239999999999999
363 6.378382229678499 0.000726
364 6.304117479698292 0.0007279999999999999
365 6.231373146597083 0.00073
366 6.160196869183808 0.000732
367 6.09063165706391 0.000734
368 6.022715003384809 0.000736
369 5.956481107640683 0.0007379999999999999
370 5.891959690789755 0.00074
371 5.829175753446638 0.0007419999999999999
372 5.768146815761041 0.000744
373 5.708885604464388 0.0007459999999999999
374 5.651403382618743 0.000748
375 5.595709425602766 0.00075
376 5.541810905590868 0.000752
377 5.489707977226934 0.000754
378 5.439399541716732 0.0007559999999999999
379 5.390879943815669 0.000758
380 5.34413870571599 0.0007599999999999999
381 5.299161413845371 0.000762
382 5.255931438657745 0.0007639999999999999
383 5.214432172059477 0.000766
384 5.174646804191945 0.000768
385 5.136554313728131 0.00077
386 5.100136870579951 0.000772
387 5.06537793084292 0.0007739999999999999
388 5.032260617112932 0.000776
389 5.000766811267439 0.0007779999999999999
390 4.970877086243978 0.00078
391 4.942575154702827 0.0007819999999999999
392 4.915847423076235 0.000784
393 4.890681905177311 0.0007859999999999999
394 4.867066169304283 0.000788
395 4.844988550307487 0.00079
396 4.824441323854037 0.000792
397 4.805418710387476 0.000794
398 4.787917908204359 0.0007959999999999999
399 4.77193686092313 0.000798
400 4.757474264856906 0.0007999999999999999
401 4.744533198791329 0.000802
402 4.733117493769175 0.0008039999999999999
403 4.723233220489676 0.000806
404 4.714887574325711 0.000808
405 4.708089438950971 0.00081
406 4.702848032203754 0.000812
407 4.699173528300392 0.0008139999999999999
408 4.697077133515522 0.000816
409 4.696571500282163 0.0008179999999999999
410 4.697667276409399 0.00082
411 4.700373784340257 0.0008219999999999999
412 4.704700814919325 0.000824
413 4.710657657425032 0.0008259999999999999
414 4.718249691237167 0.000828
415 4.72748792515427 0.00083
416 4.738381471519772 0.0008319999999999999
417 4.750937464856944 0.000834
418 4.765160475488781 0.0008359999999999999
419 4.78104971930872 0.000838
420 4.798597515411385 0.0008399999999999999
421 4.817792418114347 0.000842
422 4.838615920075629 0.0008439999999999999
423 4.86104194973499 0.000846
424 4.885039322775882 0.000848
425 4.910574131419181 0.00085
426 4.937609439579965 0.000852
427 4.966105879236568 0.0008539999999999999
428 4.996021607767225 0.000856
429 5.027313455747873 0.0008579999999999999
430 5.059933631832442 0.00086
431 5.093828098343841 0.0008619999999999999
432 5.128939550637746 0.000864
433 5.165209005491936 0.0008659999999999999
434 5.202572892363564 0.000868
435 5.240964793097218 0.00087
436 5.280316413886091 0.0008719999999999999
437 5.320557078607024 0.000874
438 5.361613399123847 0.0008759999999999999
439 5.403410276088168 0.000878
440 5.445871196414724 0.0008799999999999999
441 5.488918961527833 0.000882
442 5.532474258089235 0.0008839999999999999
443 5.576457741887103 0.000886
444 5.620790520888379 0.000888
445 5.665392439893156 0.0008899999999999999
446 5.710185496039093 0.000892
447 5.755094665111501 0.0008939999999999999
448 5.800046792664982 0.000896
449 5.844970551487231 0.0008979999999999999
450 5.889798262489592 0.0009
451 5.93446347072187 0.0009019999999999999
452 5.978900569078603 0.000904
453 6.023043470714764 0.000906
454 6.066829150135768 0.000908
455 6.110196416904421 0.00091
456 6.153087536940316 0.0009119999999999999
457 6.195448234370555 0.000914
458 6.237226217503513 0.0009159999999999999
459 6.278372691765029 0.000918
460 6.318841351228151 0.0009199999999999999
461 6.35858688004083 0.000922
462 6.397565472428981 0.0009239999999999999
463 6.435735069812714 0.000926
464 6.47305583357738 0.000928
465 6.509489662744361 0.0009299999999999999
466 6.545001527856074 0.000932
467 6.579557133937227 0.0009339999999999999
468 6.613124758293464 0.000936
469 6.645675090727781 0.0009379999999999999
470 6.677181742297742 0.00094
471 6.707621335520573 0.0009419999999999999
472 6.736976121942861 0.000944
473 6.765231333078914 0.000946
474 6.792375546191573 0.0009479999999999999
475 6.818399301097974 0.00095
476 6.843294139434562 0.0009519999999999999
477 6.867053119782083 0.000954
478 6.889671568729808 0.0009559999999999999
479 6.911148816023808 0.000958
480 6.931486160031194 0.0009599999999999999
481 6.950686813589563 0.000962
482 6.968756585655631 0.0009639999999999999
483 6.985704398858856 0.000966
484 7.001540743143734 0.000968
485 7.016278279792676 0.0009699999999999999
486 7.029931528583002 0.000972
487 7.042517805932632 0.0009739999999999999
488 7.054057643356878 0.000976
489 7.064576566078031 0.0009779999999999999
490 7.074100237985323 0.00098
491 7.082657452046831 0.000982
492 7.090276048047913 0.0009839999999999998
493 7.0969862050743 0.0009859999999999999
494 7.102820666324028 0.0009879999999999999
495 7.107814406413711 0.00099
496 7.112002958158819 0.000992
497 7.11542207545449 0.0009939999999999999
498 7.118106808145234 0.0009959999999999999
499 7.120093634434807 0.000998
500 7.121416806911692 0.001
501 7.12211089298964 0.001002
502 7.122210280022439 0.001004
503 7.121747115995967 0.001006
504 7.120755704177761 0.001008
505 7.119267551622244 0.00101
506 7.117313906417071 0.001012
507 7.114925573833499 0.001014
508 7.112132095656598 0.001016
509 7.108959753291598 0.001018
510 7.105433208590401 0.00102
511 7.101580615801441 0.001022
512 7.097431123273092 0.001024
513 7.093012769596345 0.001026
514 7.088352455105057 0.001028
515 7.083476367342388 0.00103
516 7.07841071134792 0.001032
517 7.073180146091553 0.001034
518 7.067807534136603 0.001036
519 7.062313602732774 0.001038
520 7.056718152213859 0.00104
521 7.051040732778752 0.001042
522 7.045298783128181 0.001044
523 7.039506840413841 0.001046
524 7.033676178358288 0.001048
525 7.02781661600549 0.00105
526 7.021937150596956 0.001052
527 7.016046071000685 0.001054
528 7.010151501634585 0.001056
529 7.00426046834807 0.001058
530 6.998377482867917 0.00106
531 6.992505311457858 0.001062
532 6.986647175701355 0.001064
533 6.980806728672954 0.001066
534 6.97498910586464 0.001068
535 6.969199394755255 0.00107
536 6.963443651607267 0.001072
537 6.957729596093488 0.001074
538 6.952064641952852 0.001076
539 6.946458499647183 0.001078
540 6.940922812750608 0.00108
541 6.935469879330387 0.001082
542 6.930112452755821 0.001084
543 6.924866376851332 0.001086
544 6.919751134454821 0.001088
545 6.914787495633371 0.00109
546 6.909996519008382 0.001092
547 6.905400593489771 0.001094
548 6.901022657904815 0.001096
549 6.896885877848671 0.001098
550 6.893015348185836 0.0011
551 6.88943572013925 0.001102
552 6.886170740811902 0.001104
553 6.883243404587151 0.001106
554 6.880676840927942 0.001108
555 6.878493140761242 0.00111
556 6.876713532236135 0.001112
557 6.875358888305867 0.001114
558 6.874449259040484 0.001116
559 6.874002802519414 0.001118
560 6.874036195571922 0.00112
561 6.874563741748282 0.001122
562 6.875596027900132 0.001124
563 6.877142138867767 0.001126
564 6.879211162572227 0.001128
565 6.881810054004157 0.00113
566 6.884943031471869 0.001132
567 6.888612137550531 0.001134
568 6.892815715000467 0.001136
569 6.897549592051072 0.001138
570 6.902807028256197 0.00114
571 6.90858009256938 0.001142
572 6.914858020622566 0.001144
573 6.921627634945585 0.001146
574 6.928871218540409 0.001148
575 6.936567949396704 0.00115
576 6.944694721361226 0.001152
577 6.95322520116467 0.001154
578 6.962130699559737 0.001156
579 6.971380398007455 0.001158
580 6.980939294436697 0.00116
581 6.990768615149771 0.001162
582 7.000826223118521 0.001164
583 7.011067789419279 0.001166
584 7.021447973421902 0.001168
585 7.031921387336468 0.00117
586 7.042441094513632 0.001172
587 7.052958962969433 0.001174
588 7.063426185673195 0.001176
589 7.073794373830587 0.001178
590 7.084014396356335 0.00118
591 7.094035830064806 0.001182
592 7.103808325042746 0.001184
593 7.113282478062505 0.001186
594 7.122408821914025 0.001188
595 7.131137913615544 0.00119
596 7.139421201517328 0.001192
597 7.147211460862942 0.001194
598 7.154463281524101 0.001196
599 7.161132227222947 0.001198
600 7.167176323025086 0.0012
601 7.172555436171602 0.001202
602 7.177231243781423 0.001204
603 7.181167638344903 0.001206
604 7.184331167694949 0.001208
605 7.186689916815439 0.00121
606 7.188214616277965 0.001212
607 7.188878747691847 0.001214
608 7.188659566459553 0.001216
609 7.187536402194606 0.001218
610 7.185490266980731 0.00122
611 7.18250519681641 0.001222
612 7.1785687677219 0.001224
613 7.173669909864569 0.001226
614 7.16779923572475 0.001228
615 7.160950528638497 0.00123
616 7.153117984648074 0.001232
617 7.144299080795948 0.001234
618 7.134494255408621 0.001236
619 7.123703438982891 0.001238
620 7.11192902956158 0.00124
621 7.099173570927779 0.001242
622 7.085442676406863 0.001244
623 7.070743227769776 0.001246
624 7.05508435561564 0.001248
625 7.038476421278008 0.00125
626 7.020931797885521 0.001252
627 7.002463608140996 0.001254
628 6.983086548880559 0.001256
629 6.962814821447642 0.001258
630 6.941661561853383 0.00126
631 6.919641828593424 0.001262
632 6.896772280209036 0.001264
633 6.873071522664741 0.001266
634 6.848558474836905 0.001268
635 6.823251379829679 0.00127
636 6.797168903198203 0.001272
637 6.77032993571467 0.001274
638 6.742752206216285 0.001276
639 6.714452909246187 0.001278
640 6.685450748041279 0.00128
641 6.655763919065971 0.001282
642 6.625411254989272 0.001284
643 6.594412196815568 0.001286
644 6.562787391657057 0.001288
645 6.530558078502719 0.00129
646 6.497745483528655 0.001292
647 6.464370806235363 0.001294
648 6.430455783783253 0.001296
649 6.396022851709183 0.001298
650 6.361095324634551 0.0013
651 6.325697626473897 0.001302
652 6.289855242981934 0.001304
653 6.253593901202418 0.001306
654 6.21693912545521 0.001308
655 6.179916392780289 0.00131
656 6.142551608335286 0.001312
657 6.104870610137238 0.001314
658 6.066898041789328 0.001316
659 6.02865709553785 0.001318
660 5.990170307800822 0.00132
661 5.951460068700256 0.001322
662 5.912548602761629 0.001324
663 5.873458309873232 0.001326
664 5.834211286388374 0.001328
665 5.794829006490381 0.00133
666 5.755332009021154 0.001332
667 5.715739441012556 0.001334
668 5.676070028882431 0.001336
669 5.636340665170869 0.001338
670 5.596568500167208 0.00134
671 5.55677098091768 0.001342
672 5.516963122533778 0.001344
673 5.477156656758789 0.001346
674 5.437363557943354 0.001348
675 5.397595718572584 0.00135
676 5.357865092755076 0.001352
677 5.31818387138996 0.001354
678 5.278563093397849 0.001356
679 5.239013120049111 0.001358
680 5.199544535673605 0.00136
681 5.160167075670819 0.001362
682 5.120891386037583 0.001364
683 5.081730044248199 0.001366
684 5.042696057249075 0.001368
685 5.003802763980178 0.00137
686 4.965062621607085 0.001372
687 4.926488038727194 0.001374
688 4.888092413956284 0.001376
689 4.849889692614812 0.001378
690 4.811894158355689 0.00138
691 4.774120650141762 0.001382
692 4.736584310889799 0.001384
693 4.699301191240964 0.001386
694 4.662288290933525 0.001388
695 4.625563110308762 0.00139
696 4.589144872768923 0.001392
697 4.55305480764151 0.001394
698 4.517314643574931 0.001396
699 4.481946722367248 0.001398
700 4.446974537727146 0.0014
701 4.41242329036074 0.001402
702 4.378319817544326 0.001404
703 4.344690845852885 0.001406
704 4.31156323264361 0.001408
705 4.278963588458937 0.00141
706 4.246918730543251 0.001412
707 4.21545568828529 0.001414
708 4.184601312763213 0.001416
709 4.154382135353724 0.001418
710 4.124823992207155 0.00142
711 4.095952273543928 0.001422
712 4.067792740246987 0.001424
713 4.040370815484636 0.001426
714 4.013711489380915 0.001428
715 3.987838742417886 0.00143
716 3.962775573448341 0.001432
717 3.938543593295352 0.001434
718 3.915163554956175 0.001436
719 3.892655686212544 0.001438
720 3.871038894680745 0.00144
721 3.850329405164731 0.001442
722 3.830541189845521 0.001444
723 3.811686887381057 0.001446
724 3.793774686534634 0.001448
725 3.776811430426558 0.00145
726 3.760802189000984 0.001452
727 3.745749794596586 0.001454
728 3.731653563824597 0.001456
729 3.718510108005897 0.001458
730 3.706313086396694 0.00146
731 3.6950540516296 0.001462
732 3.684720592649753 0.001464
733 3.675298829091341 0.001466
734 3.666773330325991 0.001468
735 3.659127558432023 0.00147
736 3.652342879181144 0.001472
737 3.646399246363091 0.001474
738 3.641275334530279 0.001476
739 3.636949618786113 0.001478
740 3.633399029436299 0.00148
741 3.630599151559635 0.001482
742 3.628524155458662 0.001484
743 3.627147730051103 0.001486
744 3.62644359654958 0.001488
745 3.626385371825607 0.00149
746 3.626945907420446 0.001492
747 3.628097436047362 0.001494
748 3.629812264945237 0.001496
749 3.63206259507322 0.001498
750 3.634820579544474 0.0015
751 3.638058376009105 0.001502
752 3.64174806984879 0.001504
753 3.645861334737941 0.001506
754 3.650369643270478 0.001508
755 3.655243948076747 0.00151
756 3.660454365460447 0.001512
757 3.665971166880954 0.001514
758 3.671764855788819 0.001516
759 3.677806059267987 0.001518
760 3.684065526093189 0.00152
761 3.690514708628835 0.001522
762 3.697125671230292 0.001524
763 3.703871366823736 0.001526
764 3.710725381070485 0.001528
765 3.717661822747764 0.00153
766 3.724654928750574 0.001532
767 3.731679796696266 0.001534
768 3.738711887390368 0.001536
769 3.745727005572308 0.001538
770 3.752701902045726 0.00154
771 3.759613722629761 0.001542
772 3.766439900807817 0.001544
773 3.773159191155747 0.001546
774 3.779751857455086 0.001548
775 3.786199185661075 0.00155
776 3.792482604492039 0.001552
777 3.798584429824902 0.001554
778 3.804487939914965 0.001556
779 3.810177492055313 0.001558
780 3.815639614953423 0.00156
781 3.820861865482716 0.001562
782 3.825832708769147 0.001564
783 3.830541785030965 0.001566
784 3.834980233735088 0.001568
785 3.839140044364005 0.00157
786 3.84301449673701 0.001572
787 3.846597169013897 0.001574
788 3.849882343338001 0.001576
789 3.852864791203534 0.001578
790 3.855539776718909 0.00158
791 3.85790355539875 0.001582
792 3.859952862276634 0.001584
793 3.86168505831626 0.001586
794 3.863097928010412 0.001588
795 3.864190348133177 0.00159
796 3.864962394289641 0.001592
797 3.865414539987676 0.001594
798 3.865548134066776 0.001596
799 3.865365575131853 0.001598
800 3.864870443798964 0.0016
801 3.864067873539183 0.001602
802 3.862964267577257 0.001604
803 3.861566492774675 0.001606
804 3.85988220586987 0.001608
805 3.857920100622931 0.00161
806 3.855689460944633 0.001612
807 3.853200232723228 0.001614
808 3.850462512047996 0.001616
809 3.847486121411069 0.001618
810 3.844280466736752 0.00162
811 3.840854437779478 0.001622
812 3.83721676015907 0.001624
813 3.833376833135792 0.001626
814 3.829344312040107 0.001628
815 3.82512862714745 0.00163
816 3.820739358946527 0.001632
817 3.816186150967399 0.001634
818 3.811478562571898 0.001636
819 3.806625159998458 0.001638
820 3.801633404610948 0.00164
821 3.796510488982026 0.001642
822 3.791263920120179 0.001644
823 3.785901058175071 0.001646
824 3.780429318705377 0.001648
825 3.774855359488701 0.00165
826 3.769186141787949 0.001652
827 3.76342881783801 0.001654
828 3.757591292741616 0.001656
829 3.75168119560291 0.001658
830 3.745706040079397 0.00166
831 3.739673422033897 0.001662
832 3.733591861704058 0.001664
833 3.727470457728602 0.001666
834 3.721318072234315 0.001668
835 3.71514465466911 0.00167
836 3.708961471752923 0.001672
837 3.702779859157459 0.001674
838 3.696609916213591 0.001676
839 3.690461699514572 0.001678
840 3.684345400952672 0.00168
841 3.678271710300239 0.001682
842 3.672252539444619 0.001684
843 3.66629919190208 0.001686
844 3.660425361429117 0.001688
845 3.654645953100301 0.00169
846 3.648974658017321 0.001692
847 3.643424176766884 0.001694
848 3.638006862570132 0.001696
849 3.632736270898279 0.001698
850 3.627626528183399 0.0017
851 3.622693354661032 0.001702
852 3.617953016342586 0.001704
853 3.613420726855983 0.001706
854 3.609111310255556 0.001708
855 3.605038063704859 0.00171
856 3.601213901623263 0.001712
857 3.597651866645455 0.001714
858 3.594364892573811 0.001716
859 3.591365746152841 0.001718
860 3.588666477264129 0.00172
861 3.586279284545367 0.001722
862 3.584216017866322 0.001724
863 3.582488736249451 0.001726
864 3.581109349155063 0.001728
865 3.580089151878426 0.00173
866 3.579438415848006 0.001732
867 3.579166646298039 0.001734
868 3.579281993224281 0.001736
869 3.579791426965343 0.001738
870 3.580700240087371 0.00174
871 3.582011863392073 0.001742
872 3.583728508537868 0.001744
873 3.585851387663838 0.001746
874 3.588380652733422 0.001748
875 3.591315291323638 0.00175
876 3.594653763555401 0.001752
877 3.598393554306329 0.001754
878 3.602531324593059 0.001756
879 3.60706322374384 0.001758
880 3.611983965387136 0.00176
881 3.61728648117471 0.001762
882 3.622963062654789 0.001764
883 3.629005728222279 0.001766
884 3.635405613374551 0.001768
885 3.642153073266015 0.00177
886 3.649238290665986 0.001772
887 3.656651160119125 0.001774
888 3.664381236124427 0.001776
889 3.672417278051381 0.001778
890 3.680747459246659 0.00178
891 3.689359117395108 0.001782
892 3.698239050320308 0.001784
893 3.707373675248735 0.001786
894 3.716749895005385 0.001788
895 3.726354170637943 0.00179
896 3.73617228377674 0.001792
897 3.746189083323671 0.001794
898 3.756388918997561 0.001796
899 3.766755352835283 0.001798
900 3.777270981427689 0.0018
901 3.787918109833509 0.001802
902 3.798678459342965 0.001804
903 3.809534016624221 0.001806
904 3.820466105027545 0.001808
905 3.831456037401187 0.00181
906 3.842484812173951 0.001812
907 3.853533519593257 0.001814
908 3.864582900879859 0.001816
909 3.875613454890945 0.001818
910 3.886605838685833 0.00182
911 3.897540704945472 0.001822
912 3.90839904315197 0.001824
913 3.919162183840415 0.001826
914 3.929811784071139 0.001828
915 3.940329887538776 0.00183
916 3.950699034370148 0.001832
917 3.960901163116373 0.001834
918 3.970918120794038 0.001836
919 3.980732111611475 0.001838
920 3.990325197973648 0.00184
921 3.999679465842446 0.001842
922 4.008776850688181 0.001844
923 4.017599437650719 0.001846
924 4.026129766361634 0.001848
925 4.034351276799459 0.00185
926 4.042247312186376 0.001852
927 4.049802030652495 0.001854
928 4.057000155908446 0.001856
929 4.063825659482391 0.001858
930 4.070261984215807 0.00186
931 4.076292424354683 0.001862
932 4.081900894341911 0.001864
933 4.087072306247972 0.001866
934 4.091791989802636 0.001868
935 4.096045864818493 0.00187
936 4.099821216548523 0.001872
937 4.103107012068092 0.001874
938 4.105893738000447 0.001876
939 4.108172146826609 0.001878
940 4.109933412584584 0.00188
941 4.111169201133232 0.001882
942 4.111871386811277 0.001884
943 4.112032465077911 0.001886
944 4.111646263120783 0.001888
945 4.110707612001263 0.00189
946 4.109212312388618 0.001892
947 4.107157212072151 0.001894
948 4.104539688626854 0.001896
949 4.101357919815012 0.001898
950 4.097610581744577 0.0019
951 4.093297053848438 0.001902
952 4.088417219233617 0.001904
953 4.082970441668689 0.001906
954 4.076956370201808 0.001908
955 4.070375478274137 0.00191
956 4.063229125210194 0.001912
957 4.0555188168125 0.001914
958 4.047246665589703 0.001916
959 4.038415194973311 0.001918
960 4.029026872847805 0.00192
961 4.01908449005234 0.001922
962 4.008590944184927 0.001924
963 3.997549643848307 0.001926
964 3.985964180868062 0.001928
965 3.973838139646919 0.00193
966 3.961175230456601 0.001932
967 3.947980501094122 0.001934
968 3.934259263429388 0.001936
969 3.92001728777235 0.001938
970 3.905261382319249 0.00194
971 3.889999284547297 0.001942
972 3.87423837734971 0.001944
973 3.857986302609594 0.001946
974 3.841250573564241 0.001948
975 3.82403872726339 0.00195
976 3.806358807529137 0.001952
977 3.788219741025677 0.001954
978 3.769631669179824 0.001956
979 3.750605824413469 0.001958
980 3.731154142842235 0.00196
981 3.711289170110536 0.001962
982 3.6910243239663 0.001964
983 3.670374322933335 0.001966
984 3.649354464620076 0.001968
985 3.627980371008118 0.00197
986 3.60626780640556 0.001972
987 3.584232972227703 0.001974
988 3.561892477089873 0.001976
989 3.539263224401781 0.001978
990 3.516361980862243 0.00198
991 3.493205937549642 0.001982
992 3.46981262376827 0.001984
993 3.446199577549979 0.001986
994 3.422384396731689 0.001988
995 3.398384778859597 0.00199
996 3.374218584667163 0.001992
997 3.34990377204138 0.001994
998 3.325458063582626 0.001996
999 3.300899127834477 0.001998
1000 3.27624429849596 0.002
1001 3.251510961732258 0.002002
1002 3.226716359755299 0.002004
1003 3.201877445476954 0.002006
1004 3.177010603906908 0.002008
1005 3.15213192702956 0.00201
1006 3.127257378102404 0.002012
1007 3.102402651591261 0.002014
1008 3.077582979440093 0.002016
1009 3.052813187335397 0.002018
1010 3.028107648144315 0.00202
1011 3.003480452167554 0.002022
1012 2.978945394331743 0.002024
1013 2.954515758877176 0.002026
1014 2.930204506957054 0.002028
1015 2.906024285622485 0.00203
1016 2.881987426380613 0.002032
1017 2.858105527086185 0.002034
1018 2.834389438752413 0.002036
1019 2.810849862761366 0.002038
1020 2.787497331209223 0.00204
1021 2.764341753386004 0.002042
1022 2.741392969121887 0.002044
1023 2.718660328139358 0.002046
1024 2.696152533591228 0.002048
1025 2.673877783214495 0.00205
1026 2.65184403108287 0.002052
1027 2.630058835753263 0.002054
1028 2.608529635129959 0.002056
1029 2.587263407009348 0.002058
1030 2.566266819965393 0.00206
1031 2.545546116446227 0.002062
1032 2.525107035427471 0.002064
1033 2.504955152222613 0.002066
1034 2.485095518685223 0.002068
1035 2.465532714830567 0.00207
1036 2.446271048070434 0.002072
1037 2.427314291768449 0.002074
1038 2.408665999554919 0.002076
1039 2.390329310240343 0.002078
1040 2.372306803594695 0.00208
1041 2.35460058499071 0.002082
1042 2.337212084153471 0.002084
1043 2.320142325821077 0.002086
1044 2.303391877194913 0.002088
1045 2.286960606199837 0.00209
1046 2.270847854886331 0.002092
1047 2.255052595824299 0.002094
1048 2.23957341437284 0.002096
1049 2.224408250363312 0.002098
1050 2.209554702408449 0.0021
1051 2.195009543250654 0.002102
1052 2.18076915748665 0.002104
1053 2.166829689887237 0.002106
1054 2.153186517787514 0.002108
1055 2.139834432176897 0.00211
1056 2.126768134896042 0.002112
1057 2.113981912520796 0.002114
1058 2.101469730956488 0.002116
1059 2.089224901537497 0.002118
1060 2.077240718152346 0.00212
1061 2.065510334394407 0.002122
1062 2.054026691381684 0.002124
1063 2.042783215373583 0.002126
1064 2.03177298391462 0.002128
1065 2.020988542628037 0.00213
1066 2.010421591731459 0.002132
1067 2.000062923610797 0.002134
1068 1.989902087423944 0.002136
1069 1.979927568481739 0.002138
1070 1.970128342800192 0.00214
1071 1.960494370864232 0.002142
1072 1.951016266415986 0.002144
1073 1.941684150103399 0.002146
1074 1.932488354492224 0.002148
1075 1.923420780946556 0.00215
1076 1.914473386992619 0.002152
1077 1.905638171546417 0.002154
1078 1.896907227960708 0.002156
1079 1.888272275987959 0.002158
1080 1.879724925515033 0.00216
1081 1.871256402387961 0.002162
1082 1.862857613682809 0.002164
1083 1.854519278774841 0.002166
1084 1.846232347092337 0.002168
1085 1.837987806312573 0.00217
1086 1.829777204825456 0.002172
1087 1.821592313561393 0.002174
1088 1.813424635570162 0.002176
1089 1.805265612372781 0.002178
1090 1.797106744253799 0.00218
1091 1.788939073173475 0.002182
1092 1.78075356480885 0.002184
1093 1.77254094529847 0.002186
1094 1.76429172500613 0.002188
1095 1.755996500782342 0.00219
1096 1.747646016937466 0.002192
1097 1.739231265794871 0.002194
1098 1.730744061855009 0.002196
1099 1.722176325590519 0.002198
1100 1.713520601334686 0.0022
1101 1.704769176062464 0.002202
1102 1.695914549994025 0.002204
1103 1.686949831942541 0.002206
1104 1.677868207666194 0.002208
1105 1.668663229345266 0.00221
1106 1.659328946655441 0.002212
1107 1.649859827833282 0.002214
1108 1.640250386685578 0.002216
1109 1.630495248100028 0.002218
1110 1.620589078320827 0.00222
1111 1.610526756070112 0.002222
1112 1.600303650389252 0.002224
1113 1.589915530304409 0.002226
1114 1.579358839147198 0.002228
1115 1.568630626183151 0.00223
1116 1.557728701121094 0.002232
1117 1.546650806417599 0.002234
1118 1.535394576967926 0.002236
1119 1.523957995397969 0.002238
1120 1.512339416307774 0.00224
1121 1.500537985292625 0.002242
1122 1.488553788899858 0.002244
1123 1.476387387947899 0.002246
1124 1.464039430989296 0.002248
1125 1.451510557095291 0.00225
1126 1.438801956021546 0.002252
1127 1.425915479429734 0.002254
1128 1.412853285342826 0.002256
1129 1.399617891675658 0.002258
1130 1.386212139177201 0.00226
1131 1.372639248622989 0.002262
1132 1.358902838941347 0.002264
1133 1.345006921363025 0.002266
1134 1.330955994853296 0.002268
1135 1.316755006558929 0.00227
1136 1.30240928813234 0.002272
1137 1.287924835690829 0.002274
1138 1.273308258074084 0.002276
1139 1.258566670731837 0.002278
1140 1.243707566396142 0.00228
1141 1.228738953363671 0.002282
1142 1.213669173335316 0.002284
1143 1.198507156713758 0.002286
1144 1.183261904011079 0.002288
1145 1.167942908758698 0.00229
1146 1.152560256429672 0.002292
1147 1.137124149819584 0.002294
1148 1.121645125144569 0.002296
1149 1.10613417315419 0.002298
1150 1.090602934583677 0.0023
1151 1.075063352216362 0.002302
1152 1.0595275191845 0.002304
1153 1.044007569729233 0.002306
1154 1.028515884458801 0.002308
1155 1.013065353972051 0.00231
1156 0.9976688682816035 0.002312
1157 0.9823391460611746 0.002314
1158 0.9670892340729842 0.002316
1159 0.9519326760082473 0.002318
1160 0.9368822604323497 0.00232
1161 0.9219501095178051 0.002322
1162 0.907148267514277 0.002324
1163 0.8924879365209071 0.002326
1164 0.8779800843422477 0.002328
1165 0.8636354319619508 0.00233
1166 0.8494643205995575 0.002332
1167 0.8354775590277682 0.002334
1168 0.8216861161775628 0.002336
1169 0.808100490850163 0.002338
1170 0.794731723098334 0.00234
1171 0.7815916293408905 0.002342
1172 0.7686921122988554 0.002344
1173 0.7560440081005629 0.002346
1174 0.7436578210175299 0.002348
1175 0.7315432688296316 0.00235
1176 0.7197088316198067 0.002352
1177 0.7081626604439405 0.002354
1178 0.6969123084376877 0.002356
1179 0.6859650436323083 0.002358
1180 0.6753270482874654 0.00236
1181 0.6650035949958885 0.002362
1182 0.6550001021422638 0.002364
1183 0.6453219076099278 0.002366
1184 0.6359737800576967 0.002368
1185 0.6269596788715778 0.00237
1186 0.6182830011195025 0.002372
1187 0.6099463405219048 0.002374
1188 0.6019514507405842 0.002376
1189 0.5942993839337629 0.002378
1190 0.5869904303320349 0.00238
1191 0.580024201253834 0.002382
1192 0.5733995060347343 0.002384
1193 0.5671143572689079 0.002386
1194 0.5611657202271215 0.002388
1195 0.5555501070483405 0.00239
1196 0.550263702472411 0.002392
1197 0.5453022027459793 0.002394
1198 0.5406607673517867 0.002396
1199 0.5363342141565374 0.002398
1200 0.5323169328379087 0.0024
1201 0.5286026417450816 0.002402
1202 0.52518475931692 0.002404
1203 0.5220564529105227 0.002406
1204 0.5192104770908859 0.002408
1205 0.5166394439065768 0.00241
1206 0.5143359960548725 0.002412
1207 0.5122925569803128 0.002414
1208 0.5105012809855137 0.002416
1209 0.5089541504813262 0.002418
1210 0.5076425530653691 0.00242
1211 0.506557752151119 0.002422
1212 0.5056909370429982 0.002424
1213 0.5050332066982776 0.002426
1214 0.5045757145120167 0.002428
1215 0.5043097277804521 0.00243
1216 0.5042263110310086 0.002432
1217 0.5043165355602048 0.002434
1218 0.5045713979241938 0.002436
1219 0.5049819869561361 0.002438
1220 0.5055393116717255 0.00244
1221 0.5062343352203094 0.002442
1222 0.5070579336160898 0.002444
1223 0.5080007045989546 0.002446
1224 0.5090529887346029 0.002448
1225 0.5102045556378937 0.00245
1226 0.5114449035836168 0.002452
1227 0.5127632948818225 0.002454
1228 0.5141490374630674 0.002456
1229 0.515591575662471 0.002458
1230 0.517080092509365 0.00246
1231 0.5186039239235732 0.002462
1232 0.5201523166717028 0.002464
1233 0.5217143440351837 0.002466
1234 0.5232789600283505 0.002468
1235 0.5248353903757336 0.00247
1236 0.5263727858692256 0.002472
1237 0.5278804620319218 0.002474
1238 0.5293479260690641 0.002476
1239 0.5307649186982764 0.002478
1240 0.532121377455978 0.00248
1241 0.5334076962472073 0.002482
1242 0.53461463015851 0.002484
1243 0.5357331854906613 0.002486
1244 0.5367548014694029 0.002488
1245 0.5376711678447051 0.00249
1246 0.5384745381934379 0.002492
1247 0.5391573273535587 0.002494
1248 0.5397118598852554 0.002496
1249 0.540130352783123 0.002498
1250 0.540405480471152 0.0025
1251 0.5405303178985809 0.002502
1252 0.5404980118109257 0.002504
1253 0.5403021250359946 0.002506
1254 0.5399364017556868 0.002508
1255 0.5393950249114476 0.00251
1256 0.5386724844021707 0.002512
1257 0.5377635146643103 0.002514
1258 0.536662885187248 0.002516
1259 0.5353654617082241 0.002518
1260 0.5338661204707166 0.00252
1261 0.5321597306446391 0.002522
1262 0.5302412652097283 0.002524
1263 0.528105881991348 0.002526
1264 0.5257488669021707 0.002528
1265 0.5231658086002008 0.00253
1266 0.5203525517651715 0.002532
1267 0.5173049346100148 0.002534
1268 0.5140188243675861 0.002536
1269 0.5104903455275202 0.002538
1270 0.5067158812273781 0.00254
1271 0.5026921543509202 0.002542
1272 0.4984159623449655 0.002544
1273 0.4938842072797453 0.002546
1274 0.4890940431522319 0.002548
1275 0.4840428677174477 0.00255
1276 0.4787281321034431 0.002552
1277 0.4731474283092228 0.002554
1278 0.4672985593172083 0.002556
1279 0.4611800197680621 0.002558
1280 0.4547905681822065 0.00256
1281 0.4481292232329285 0.002562
1282 0.4411952982118513 0.002564
1283 0.4339883229236828 0.002566
1284 0.4265076294464339 0.002568
1285 0.4187525457074773 0.00257
1286 0.4107226795764516 0.002572
1287 0.4024181153702928 0.002574
1288 0.3938394879533964 0.002576
1289 0.384988014387085 0.002578
1290 0.3758654035190864 0.00258
1291 0.3664739519157734 0.002582
1292 0.3568164538472879 0.002584
1293 0.3468962829573586 0.002586
1294 0.3367174304777506 0.002588
1295 0.3262841368880676 0.00259
1296 0.3156009762287943 0.002592
1297 0.3046725642477005 0.002594
1298 0.2935037951434077 0.002596
1299 0.2820998018279778 0.002598
1300 0.2704660113105259 0.0026
1301 0.258608094219876 0.002602
1302 0.2465320763076303 0.002604
1303 0.2342444582682961 0.002606
1304 0.2217519738724098 0.002608
1305 0.209061592690007 0.00261
1306 0.1961803446374552 0.002612
1307 0.1831154608814146 0.002614
1308 0.1698744240611656 0.002616
1309 0.1564649567954507 0.002618
1310 0.1428950320770534 0.00262
1311 0.1291728216732891 0.002622
1312 0.1153065686799377 0.002624
1313 0.1013044982509336 0.002626
1314 0.08717482399479953 0.002628
1315 0.07292593101215622 0.00263
1316 0.05856627600173869 0.002632
1317 0.04410429737192813 0.002634
1318 0.0295483763523931 0.002636
1319 0.01490687649197468 0.002638
1320 0.0001882864817117344 0.00264
1321 -0.01459905105352417 0.002642
1322 -0.02944664910896583 0.002644
1323 -0.04434590870546048 0.002646
1324 -0.05928822873140675 0.002648
1325 -0.07426510764878567 0.00265
1326 -0.08926807873235264 0.002652
1327 -0.1042886000276633 0.002654
1328 -0.1193182781023119 0.002656
1329 -0.1343487737796685 0.002658
1330 -0.1493718382424096 0.00266
1331 -0.1643791687549533 0.002662
1332 -0.1793625711401858 0.002664
1333 -0.1943139351318738 0.002666
1334 -0.2092252651955515 0.002668
1335 -0.2240886722358567 0.00267
1336 -0.2388963801565688 0.002672
1337 -0.2536407189552202 0.002674
1338 -0.2683142545329002 0.002676
1339 -0.282909818797503 0.002678
1340 -0.2974202796520956 0.00268
1341 -0.3118388456276521 0.002682
1342 -0.3261591161716627 0.002684
1343 -0.3403749770378799 0.002686
1344 -0.3544806297200294 0.002688
1345 -0.3684704880881672 0.00269
1346 -0.382339207380311 0.002692
1347 -0.3960817768543968 0.002694
1348 -0.4096936058744552 0.002696
1349 -0.4231704888581068 0.002698
1350 -0.4365084692313727 0.0027
1351 -0.4497040192544877 0.002702
1352 -0.4627540284722783 0.002704
1353 -0.4756559167037376 0.002706
1354 -0.488407663172206 0.002708
1355 -0.5010075443935035 0.00271
1356 -0.5134542531991914 0.002712
1357 -0.5257468856223848 0.002714
1358 -0.5378852265331673 0.002716
1359 -0.5498694878413771 0.002718
1360 -0.5617002710063247 0.00272
1361 -0.5733788159648855 0.002722
1362 -0.5849066295626841 0.002724
1363 -0.596285581035444 0.002726
1364 -0.6075179573563158 0.002728
1365 -0.6186064817308961 0.00273
1366 -0.6295542152048547 0.002732
1367 -0.6403646317069721 0.002734
1368 -0.6510416399523901 0.002736
1369 -0.661589571492734 0.002738
1370 -0.6720130527086272 0.00274
1371 -0.6823168909894523 0.002742
1372 -0.692505906216476 0.002744
1373 -0.7025850880116766 0.002746
1374 -0.7125596803165611 0.002748
1375 -0.7224350852563891 0.00275
1376 -0.7322169357233961 0.002752
1377 -0.7419110800284485 0.002754
1378 -0.7515236136543442 0.002756
1379 -0.7610610074598594 0.002758
1380 -0.7705300318043987 0.00276
1381 -0.779937590427741 0.002762
1382 -0.7892908131132856 0.002764
1383 -0.7985969177850676 0.002766
1384 -0.807863135079029 0.002768
1385 -0.8170966732597461 0.00277
1386 -0.8263050322882834 0.002772
1387 -0.8354956995441652 0.002774
1388 -0.8446759327885692 0.002776
1389 -0.853853099025963 0.002778
1390 -0.863034737979484 0.00278
1391 -0.8722283063750409 0.002782
1392 -0.8814411323424991 0.002784
1393 -0.8906805578966569 0.002786
1394 -0.8999536217668686 0.002788
1395 -0.9092673094700428 0.00279
1396 -0.9186285535784986 0.002792
1397 -0.9280441498131059 0.002794
1398 -0.9375207563414772 0.002796
1399 -0.9470649427126288 0.002798
1400 -0.9566831176604409 0.0028
1401 -0.9663814199517847 0.002802
1402 -0.9761659014877913 0.002804
1403 -0.9860423888845929 0.002806
1404 -0.9960164423755669 0.002808
1405 -1.006093575130375 0.00281
1406 -1.016279087631489 0.002812
1407 -1.026578190362603 0.002814
1408 -1.036996089819346 0.002816
1409 -1.04753779811531 0.002818
1410 -1.058208485358657 0.00282
1411 -1.069013314467745 0.002822
1412 -1.07995742799501 0.002824
1413 -1.09104604201797 0.002826
1414 -1.1022838489054 0.002828
1415 -1.113675167270635 0.00283
1416 -1.125223818952131 0.002832
1417 -1.1369338086536 0.002834
1418 -1.148808631069966 0.002836
1419 -1.16085188773585 0.002838
1420 -1.173067136837173 0.00284
1421 -1.185457317920718 0.002842
1422 -1.198025999694642 0.002844
1423 -1.210776425298952 0.002846
1424 -1.223710910184128 0.002848
1425 -1.236831137141641 0.00285
1426 -1.250138856334656 0.002852
1427 -1.263635853678253 0.002854
1428 -1.277323996525849 0.002856
1429 -1.291205163915501 0.002858
1430 -1.305281407901351 0.00286
1431 -1.319554712399337 0.002862
1432 -1.334026753396772 0.002864
1433 -1.348698781748883 0.002866
1434 -1.363572091490402 0.002868
1435 -1.378647891446535 0.00287
1436 -1.39392728929427 0.002872
1437 -1.409411541273551 0.002874
1438 -1.425102007410491 0.002876
1439 -1.441000060930693 0.002878
1440 -1.45710701999425 0.00288
1441 -1.473424254725284 0.002882
1442 -1.489953122263251 0.002884
1443 -1.506694912648036 0.002886
1444 -1.523650985035828 0.002888
1445 -1.540822776978326 0.00289
1446 -1.558211910170759 0.002892
1447 -1.575820076624739 0.002894
1448 -1.593648872351061 0.002896
1449 -1.611699884986679 0.002898
1450 -1.629974813482484 0.0029
1451 -1.648475377388365 0.002902
1452 -1.667203365547846 0.002904
1453 -1.686160722887925 0.002906
1454 -1.70534958566656 0.002908
1455 -1.724772138038856 0.00291
1456 -1.744430623974852 0.002912
1457 -1.764327509231995 0.002914
1458 -1.784465323510207 0.002916
1459 -1.804846568464853 0.002918
1460 -1.825473716631724 0.00292
1461 -1.846349122630817 0.002922
1462 -1.867475170753683 0.002924
1463 -1.888854122934691 0.002926
1464 -1.910488182915812 0.002928
1465 -1.932379575611366 0.00293
1466 -1.954530343747472 0.002932
1467 -1.976942674353808 0.002934
1468 -1.999619176392713 0.002936
1469 -2.022562660066167 0.002938
1470 -2.045776303883231 0.00294
1471 -2.069263238307512 0.002942
1472 -2.093026606790473 0.002944
1473 -2.117069687486807 0.002946
1474 -2.141395614137612 0.002948
1475 -2.166007276937423 0.00295
1476 -2.19090709171833 0.002952
1477 -2.216097500768809 0.002954
1478 -2.241581261471377 0.002956
1479 -2.267361375603855 0.002958
1480 -2.293441050507983 0.00296
1481 -2.319823683586283 0.002962
1482 -2.346512799900788 0.002964
1483 -2.373512365277665 0.002966
1484 -2.400826359615901 0.002968
1485 -2.428458742949754 0.00297
1486 -2.456413653296321 0.002972
1487 -2.484695278463131 0.002974
1488 -2.513307768895234 0.002976
1489 -2.542255211704408 0.002978
1490 -2.571541782766989 0.00298
1491 -2.601171633724921 0.002982
1492 -2.631149041958698 0.002984
1493 -2.661478546388425 0.002986
1494 -2.692164705827364 0.002988
1495 -2.723212207530805 0.00299
1496 -2.754625826513096 0.002992
1497 -2.786410540097037 0.002994
1498 -2.818571374433002 0.002996
1499 -2.851113500242612 0.002998
1500 -2.884042224429556 0.003
1501 -2.917362990439613 0.003002
1502 -2.951081245626478 0.003004
1503 -2.985202381133735 0.003006
1504 -3.019731884171276 0.003008
1505 -3.054675474233606 0.00301
1506 -3.090039070573813 0.003012
1507 -3.125828708217187 0.003014
1508 -3.162050464112221 0.003016
1509 -3.198710508797634 0.003018
1510 -3.235814845664068 0.00302
1511 -3.273369450138413 0.003022
1512 -3.311380235395959 0.003024
1513 -3.349852927734794 0.003026
1514 -3.388793162368559 0.003028
1515 -3.428206498755866 0.00303
1516 -3.468098383441926 0.003032
1517 -3.508474029168735 0.003034
1518 -3.549338456252495 0.003036
1519 -3.590696380947732 0.003038
1520 -3.632552428846033 0.00304
1521 -3.674911104815584 0.003042
1522 -3.717776679661342 0.003044
1523 -3.761153160260341 0.003046
1524 -3.805044259015615 0.003048
1525 -3.849453349238379 0.00305
1526 -3.894383521798412 0.003052
1527 -3.939837571239408 0.003054
1528 -3.985818006180526 0.003056
1529 -4.032327043180035 0.003058
1530 -4.079366530539438 0.00306
1531 -4.126937903471491 0.003062
1532 -4.175042177421028 0.003064
1533 -4.223680012035272 0.003066
1534 -4.272851799238482 0.003068
1535 -4.322557649239828 0.00307
1536 -4.372797425381347 0.003072
1537 -4.423570835351943 0.003074
1538 -4.47487730476197 0.003076
1539 -4.526715896361214 0.003078
1540 -4.579085398355766 0.00308
1541 -4.631984274225092 0.003082
1542 -4.685410721658454 0.003084
1543 -4.739362667287897 0.003086
1544 -4.793837800398201 0.003088
1545 -4.848833522308513 0.00309
1546 -4.904346884465247 0.003092
1547 -4.960374790670966 0.003094
1548 -5.016913812719589 0.003096
1549 -5.073960191673216 0.003098
1550 -5.131509983118977 0.0031
1551 -5.189559079480726 0.003102
1552 -5.248103001952829 0.003104
1553 -5.307136918307636 0.003106
1554 -5.366655692092761 0.003108
1555 -5.426653825604926 0.00311
1556 -5.487125482428455 0.003112
1557 -5.548064188441822 0.003114
1558 -5.609462849201581 0.003116
1559 -5.671313705610767 0.003118
1560 -5.733608545605016 0.00312
1561 -5.796339032973269 0.003122
1562 -5.859496400640169 0.003124
1563 -5.923071272154614 0.003126
1564 -5.987053927772148 0.003128
1565 -6.05143443264431 0.00313
1566 -6.116202501637257 0.003132
1567 -6.181347271297822 0.003134
1568 -6.246857250286867 0.003136
1569 -6.312720272175528 0.003138
1570 -6.378923672371789 0.00314
1571 -6.445454222921766 0.003142
1572 -6.512298120649321 0.003144
1573 -6.579441024318086 0.003146
1574 -6.646868181337823 0.003148
1575 -6.714564417828468 0.00315
1576 -6.782514098139019 0.003152
1577 -6.850701210047742 0.003154
1578 -6.919109352734366 0.003156
1579 -6.987721811020119 0.003158
1580 -7.056521590358455 0.00316
1581 -7.125491335170723 0.003162
1582 -7.194613422417898 0.003164
1583 -7.263869951464293 0.003166
1584 -7.333242808707713 0.003168
1585 -7.402713655159738 0.00317
1586 -7.472263876657911 0.003172
1587 -7.541874599289066 0.003174
1588 -7.611526673121767 0.003176
1589 -7.681200805058152 0.003178
1590 -7.750877587077695 0.00318
1591 -7.820537338133382 0.003182
1592 -7.890160288756642 0.003184
1593 -7.959726589946444 0.003186
1594 -8.029216423307023 0.003188
1595 -8.098610007168599 0.00319
1596 -8.167887455701672 0.003192
1597 -8.237028799800711 0.003194
1598 -8.306014308451758 0.003196
1599 -8.374824281838075 0.003198
1600 -8.443439159965385 0.0032
1601 -8.511839374491316 0.003202
1602 -8.580005406933834 0.003204
1603 -8.647917626834863 0.003206
1604 -8.715556340739315 0.003208
1605 -8.782902337747755 0.00321
1606 -8.84993662412591 0.003212
1607 -8.916640708363991 0.003214
1608 -8.982996391880793 0.003216
1609 -9.048985720115905 0.003218
1610 -9.114591005550725 0.00322
1611 -9.179794809265813 0.003222
1612 -9.244580105963388 0.003224
1613 -9.308930145547414 0.003226
1614 -9.372828234729784 0.003228
1615 -9.436257979286978 0.00323
1616 -9.499203314527994 0.003232
1617 -9.561648740761658 0.003234
1618 -9.623579389145304 0.003236
1619 -9.684980870768504 0.003238
1620 -9.745839399469052 0.00324
1621 -9.806141809666327 0.003242
1622 -9.865875429860459 0.003244
1623 -9.925028229083464 0.003246
1624 -9.983588865930013 0.003248
1625 -10.04154662859261 0.00325
1626 -10.09889138327061 0.003252
1627 -10.15561324687068 0.003254
1628 -10.21170295565364 0.003256
1629 -10.2671515585648 0.003258
1630 -10.32195074769258 0.00326
1631 -10.37609273714508 0.003262
1632 -10.4295703038241 0.003264
1633 -10.4823768719084 0.003266
1634 -10.53450656165089 0.003268
1635 -10.58595414732433 0.00327
1636 -10.63671510744104 0.003272
1637 -10.68678552089873 0.003274
1638 -10.73616230557041 0.003276
1639 -10.78484324325485 0.003278
1640 -10.83282688727322 0.00328
1641 -10.88011249219613 0.003282
1642 -10.92670001243136 0.003284
1643 -10.97259005940774 0.003286
1644 -11.01778408278536 0.003288
1645 -11.06228430704702 0.00329
1646 -11.10609382532093 0.003292
1647 -11.14921650041293 0.003294
1648 -11.19165690511693 0.003296
1649 -11.23342019040858 0.003298
1650 -11.27451212601977 0.0033
1651 -11.31493913339406 0.003302
1652 -11.35470824910323 0.003304
1653 -11.39382715488487 0.003306
1654 -11.43230420104108 0.003308
1655 -11.47014835874984 0.00331
1656 -11.50736918061154 0.003312
1657 -11.5439766934409 0.003314
1658 -11.57998141770887 0.003316
1659 -11.61539427260018 0.003318
1660 -11.65022660806096 0.00332
1661 -11.68449021132333 0.003322
1662 -11.7181972272115 0.003324
1663 -11.75136021142775 0.003326
1664 -11.78399207914972 0.003328
1665 -11.81610597358106 0.00333
1666 -11.84771525245618 0.003332
1667 -11.87883351117705 0.003334
1668 -11.90947449289743 0.003336
1669 -11.93965194504781 0.003338
1670 -11.96937977890157 0.00334
1671 -11.99867195973018 0.003342
1672 -12.02754259442756 0.003344
1673 -12.056005878375 0.003346
1674 -12.08407610201586 0.003348
1675 -12.11176757828769 0.00335
1676 -12.13909453511406 0.003352
1677 -12.16607096146005 0.003354
1678 -12.19271077463726 0.003356
1679 -12.21902772665131 0.003358
1680 -12.24503536049142 0.00336
1681 -12.27074704895129 0.003362
1682 -12.29617599244446 0.003364
1683 -12.32133515482386 0.003366
1684 -12.34623723224871 0.003368
1685 -12.37089467804211 0.00337
1686 -12.39531972387974 0.003372
1687 -12.41952432785526 0.003374
1688 -12.44352011572845 0.003376
1689 -12.46731846006851 0.003378
1690 -12.4909302399276 0.00338
1691 -12.51436575143136 0.003382
1692 -12.5376348467534 0.003384
1693 -12.5607470658174 0.003386
1694 -12.58371158003826 0.003388
1695 -12.60653725601387 0.00339
1696 -12.6292323791504 0.003392
1697 -12.65180481608295 0.003394
1698 -12.67426214220579 0.003396
1699 -12.69661164710305 0.003398
1700 -12.71886047401806 0.0034
1701 -12.74101535567174 0.003402
1702 -12.76308269222486 0.003404
1703 -12.78506870344341 0.003406
1704 -12.80697934979987 0.003408
1705 -12.82882025233135 0.00341
1706 -12.85059668076836 0.003412
1707 -12.87231356990566 0.003414
1708 -12.89397560342019 0.003416
1709 -12.91558717252024 0.003418
1710 -12.93715230536022 0.00342
1711 -12.95867471398674 0.003422
1712 -12.98015788242878 0.003424
1713 -13.0016049366582 0.003426
1714 -13.02301884102402 0.003428
1715 -13.04440220712511 0.00343
1716 -13.06575723872484 0.003432
1717 -13.08708583910158 0.003434
1718 -13.10838976508462 0.003436
1719 -13.12967055871889 0.003438
1720 -13.15092944705443 0.00344
1721 -13.17216742461963 0.003442
1722 -13.19338524648294 0.003444
1723 -13.21458351240047 0.003446
1724 -13.23576273035428 0.003448
1725 -13.25692328657126 0.00345
1726 -13.27806537658262 0.003452
1727 -13.29918891546387 0.003454
1728 -13.32029363052135 0.003456
1729 -13.34137891997412 0.003458
1730 -13.36244394365254 0.00346
1731 -13.38348794852114 0.003462
1732 -13.40450996085279 0.003464
1733 -13.42550931255765 0.003466
1734 -13.44648525598359 0.003468
1735 -13.46743707478348 0.00347
1736 -13.48836396211304 0.003472
1737 -13.50926503810868 0.003474
1738 -13.53013940662745 0.003476
1739 -13.55098619851129 0.003478
1740 -13.57180470659402 0.00348
1741 -13.5925942549078 0.003482
1742 -13.61335425218746 0.003484
1743 -13.63408426174885 0.003486
1744 -13.65478391410503 0.003488
1745 -13.67545286349361 0.00349
1746 -13.69609109928101 0.003492
1747 -13.71669868234644 0.003494
1748 -13.73727588997389 0.003496
1749 -13.7578232997904 0.003498
1750 -13.77834163850508 0.0035
1751 -13.79883185282989 0.003502
1752 -13.81929500359473 0.003504
1753 -13.83973227630857 0.003506
1754 -13.86014508401057 0.003508
1755 -13.88053488455773 0.00351
1756 -13.90090337130312 0.003512
1757 -13.92125257895339 0.003514
1758 -13.94158475224718 0.003516
1759 -13.96190221629406 0.003518
1760 -13.98220738478767 0.00352
1761 -14.00250284626386 0.003522
1762 -14.02279125931148 0.003524
1763 -14.0430755524526 0.003526
1764 -14.0633589644104 0.003528
1765 -14.0836449549277 0.00353
1766 -14.10393721957408 0.003532
1767 -14.12423965068891 0.003534
1768 -14.14455628109833 0.003536
1769 -14.16489124394277 0.003538
1770 -14.18524886339069 0.00354
1771 -14.20563357617172 0.003542
1772 -14.22605005842624 0.003544
1773 -14.24650305599589 0.003546
1774 -14.26699736936504 0.003548
1775 -14.2875379172866 0.00355
1776 -14.3081296807295 0.003552
1777 -14.32877760770261 0.003554
1778 -14.34948664817528 0.003556
1779 -14.3702618177035 0.003558
1780 -14.39110812456467 0.00356
1781 -14.41203058515222 0.003562
1782 -14.43303426042236 0.003564
1783 -14.45412417394561 0.003566
1784 -14.47530523200591 0.003568
1785 -14.49658228587875 0.00357
1786 -14.51796022676604 0.003572
1787 -14.53944375109042 0.003574
1788 -14.56103749948645 0.003576
1789 -14.58274603256881 0.003578
1790 -14.60457392035766 0.00358
1791 -14.62652585042074 0.003582
1792 -14.64860636619037 0.003584
1793 -14.67081995320661 0.003586
1794 -14.69317100980535 0.003588
1795 -14.71566383646972 0.00359
1796 -14.7383026455292 0.003592
1797 -14.76109148626558 0.003594
1798 -14.78403428717477 0.003596
1799 -14.8071348120609 0.003598
1800 -14.8303965802313 0.0036
1801 -14.85382288847661 0.003602
1802 -14.87741684953409 0.003604
1803 -14.90118130340756 0.003606
1804 -14.92511885010582 0.003608
1805 -14.94923185146309 0.00361
1806 -14.9735224082658 0.003612
